#
# A fatal error has been detected by the Java Runtime Environment:
#
#  EXCEPTION_ACCESS_VIOLATION (0xc0000005) at pc=0x00007ff9f2a56b8e, pid=19560, tid=16220
#
# JRE version: OpenJDK Runtime Environment AdoptOpenJDK (14.0.1+7) (build 14.0.1+7)
# Java VM: OpenJDK 64-Bit Server VM AdoptOpenJDK (14.0.1+7, mixed mode, sharing, tiered, compressed oops, g1 gc, windows-amd64)
# Problematic frame:
# C  [ig9icd64.dll+0x4d6b8e]
#
# No core dump will be written. Minidumps are not enabled by default on client versions of Windows
#
# If you would like to submit a bug report, please visit:
#   https://github.com/AdoptOpenJDK/openjdk-support/issues
# The crash happened outside the Java Virtual Machine in native code.
# See problematic frame for where to report the bug.
#

---------------  S U M M A R Y ------------

Command Line: -agentlib:jdwp=transport=dt_socket,server=n,suspend=y,address=localhost:57052 --enable-preview -Dfile.encoding=UTF-8 Robot_3D

Host: Intel(R) Core(TM) i7-6700HQ CPU @ 2.60GHz, 8 cores, 15G,  Windows 10 , 64 bit Build 18362 (10.0.18362.329)
Time: Sun Jun 21 19:41:42 2020 Srodkowoeuropejski czas letni elapsed time: 3 seconds (0d 0h 0m 3s)

---------------  T H R E A D  ---------------

Current thread (0x0000019bb2ccd800):  JavaThread "J3D-Renderer-1" [_thread_in_native, id=16220, stack(0x0000007e7ea00000,0x0000007e7eb00000)]

Stack: [0x0000007e7ea00000,0x0000007e7eb00000],  sp=0x0000007e7eafdcc8,  free space=1015k
Native frames: (J=compiled Java code, j=interpreted, Vv=VM code, C=native code)
C  [ig9icd64.dll+0x4d6b8e]

Java frames: (J=compiled Java code, j=interpreted, Vv=VM code)
j  javax.media.j3d.NativePipeline.execute(JLjavax/media/j3d/GeometryArrayRetained;IZZZIIII[II[III[I[F[FI)V+0
j  javax.media.j3d.NativePipeline.execute(Ljavax/media/j3d/Context;Ljavax/media/j3d/GeometryArrayRetained;IZZZIIII[II[III[I[F[FI)V+40
j  javax.media.j3d.GeometryArrayRetained.execute(Ljavax/media/j3d/Canvas3D;Ljavax/media/j3d/RenderAtom;ZZFIZ)V+483
j  javax.media.j3d.VertexArrayRenderMethod.renderGeo(Ljavax/media/j3d/RenderAtomListInfo;Ljavax/media/j3d/RenderMolecule;Ljavax/media/j3d/Canvas3D;)V+67
j  javax.media.j3d.VertexArrayRenderMethod.render(Ljavax/media/j3d/RenderMolecule;Ljavax/media/j3d/Canvas3D;Ljavax/media/j3d/RenderAtomListInfo;I)Z+169
j  javax.media.j3d.RenderMolecule.render(Ljavax/media/j3d/Canvas3D;II)Z+376
j  javax.media.j3d.TextureBin.renderList(Ljavax/media/j3d/Canvas3D;ILjavax/media/j3d/RenderMolecule;)V+63
j  javax.media.j3d.TextureBin.renderList(Ljavax/media/j3d/Canvas3D;ILjava/lang/Object;)V+32
j  javax.media.j3d.TextureBin.render(Ljavax/media/j3d/Canvas3D;Ljava/lang/Object;)V+92
j  javax.media.j3d.TextureBin.render(Ljavax/media/j3d/Canvas3D;)V+6
j  javax.media.j3d.ShaderBin.render(Ljavax/media/j3d/Canvas3D;)V+18
j  javax.media.j3d.AttributeBin.render(Ljavax/media/j3d/Canvas3D;)V+82
j  javax.media.j3d.EnvironmentSet.render(Ljavax/media/j3d/Canvas3D;)V+17
j  javax.media.j3d.LightBin.render(Ljavax/media/j3d/Canvas3D;)V+17
j  javax.media.j3d.RenderBin.renderOpaque(Ljavax/media/j3d/Canvas3D;)V+11
j  javax.media.j3d.Renderer.doWork(J)V+5851
j  javax.media.j3d.J3dThread.run()V+19
v  ~StubRoutines::call_stub

siginfo: EXCEPTION_ACCESS_VIOLATION (0xc0000005), reading address 0x00007ffd32f2bcf0


Register to memory mapping:

RIP=0x00007ff9f2a56b8e ig9icd64.dll
RAX=0x000000000fff0fff is an unknown value
RBX=0x0000007e7eafe1e0 is pointing into the stack for thread: 0x0000019bb2ccd800
RCX=0x00007ffd32f2bccc is an unknown value
RDX=0x0000007e7eafe1e0 is pointing into the stack for thread: 0x0000019bb2ccd800
RSP=0x0000007e7eafdcc8 is pointing into the stack for thread: 0x0000019bb2ccd800
RBP=0x0000007e7eafddd0 is pointing into the stack for thread: 0x0000019bb2ccd800
RSI=0x0000019bb2d4a770 points into unknown readable memory: 00 00 00 00 00 00 00 00
RDI=0x00007ff9f3237d00 ig9icd64.dll
R8 =0x0000007e7eafde00 is pointing into the stack for thread: 0x0000019bb2ccd800
R9 =0x0000007e7eafe1e0 is pointing into the stack for thread: 0x0000019bb2ccd800
R10=0x0000007e7eafdfd0 is pointing into the stack for thread: 0x0000019bb2ccd800
R11=0x0 is NULL
R12=0x0000000000000100 is an unknown value
R13=0x0 is NULL
R14=0x0000000000000001 is an unknown value
R15=0x0 is NULL


Registers:
RAX=0x000000000fff0fff, RBX=0x0000007e7eafe1e0, RCX=0x00007ffd32f2bccc, RDX=0x0000007e7eafe1e0
RSP=0x0000007e7eafdcc8, RBP=0x0000007e7eafddd0, RSI=0x0000019bb2d4a770, RDI=0x00007ff9f3237d00
R8 =0x0000007e7eafde00, R9 =0x0000007e7eafe1e0, R10=0x0000007e7eafdfd0, R11=0x0000000000000000
R12=0x0000000000000100, R13=0x0000000000000000, R14=0x0000000000000001, R15=0x0000000000000000
RIP=0x00007ff9f2a56b8e, EFLAGS=0x0000000000010206

Top of Stack: (sp=0x0000007e7eafdcc8)
0x0000007e7eafdcc8:   00007ff9f2a5046e 0000007e7eafe1e0
0x0000007e7eafdcd8:   0000007e7eafdfd0 00000000000003ff
0x0000007e7eafdce8:   0000000000000504 0000000000000000
0x0000007e7eafdcf8:   0000019b32000537 0000019bbeb30b00
0x0000007e7eafdd08:   0000019b00000000 0000000000000000
0x0000007e7eafdd18:   0000000000000000 0000000000000504
0x0000007e7eafdd28:   00007ffa797a4c99 0000019b86ba0000
0x0000007e7eafdd38:   0000007e7eafdd99 0000019bb3586f00
0x0000007e7eafdd48:   0000019bb3586ff0 0000007e7eafde38
0x0000007e7eafdd58:   0000000000000000 000042f4e973ad87
0x0000007e7eafdd68:   0000000000000000 0000000000000000
0x0000007e7eafdd78:   00007ffa7979c4bf 0000000000cf029c
0x0000007e7eafdd88:   0000000000000050 0000019bbebc0da0
0x0000007e7eafdd98:   0000000000000065 0000007e7eafdec0
0x0000007e7eafdda8:   0000000002bb03e7 0000000000000000
0x0000007e7eafddb8:   0000019b86ab1140 0000019bb2f16790 

Instructions: (pc=0x00007ff9f2a56b8e)
0x00007ff9f2a56a8e:   4d 00 7f 64 4d 00 be 69 4d 00 be 69 4d 00 20 67
0x00007ff9f2a56a9e:   4d 00 20 67 4d 00 12 6a 4d 00 12 6a 4d 00 12 6a
0x00007ff9f2a56aae:   4d 00 12 6a 4d 00 7f 64 4d 00 20 67 4d 00 20 67
0x00007ff9f2a56abe:   4d 00 20 67 4d 00 20 67 4d 00 be 69 4d 00 be 69
0x00007ff9f2a56ace:   4d 00 cc cc cc cc cc cc cc cc cc cc cc cc cc cc
0x00007ff9f2a56ade:   cc cc 48 89 5c 24 08 48 89 7c 24 10 8b 41 5c 48
0x00007ff9f2a56aee:   8d 3d 0c 12 7e 00 41 89 40 08 4c 8b d1 8b 41 60
0x00007ff9f2a56afe:   45 33 db 41 89 40 0c 4c 8b ca 8b 41 64 41 89 40
0x00007ff9f2a56b0e:   10 8b 41 68 41 89 40 14 8b 41 6c 41 89 40 18 8b
0x00007ff9f2a56b1e:   41 70 41 89 40 1c 48 63 41 74 48 6b c8 34 48 03
0x00007ff9f2a56b2e:   cf 8b 41 24 41 89 40 20 8b 41 28 41 89 40 24 8b
0x00007ff9f2a56b3e:   41 2c 41 89 40 28 8b 41 30 41 89 40 2c 8b 41 14
0x00007ff9f2a56b4e:   41 89 40 30 8b 41 18 41 89 40 34 8b 41 1c 41 89
0x00007ff9f2a56b5e:   40 38 8b 41 20 41 89 40 3c 8b 41 04 41 89 40 40
0x00007ff9f2a56b6e:   8b 41 08 41 89 40 44 8b 41 0c 41 89 40 48 8b 41
0x00007ff9f2a56b7e:   10 41 89 40 4c 49 63 42 78 48 6b c8 34 48 03 cf
0x00007ff9f2a56b8e:   8b 41 24 41 89 40 50 8b 41 28 41 89 40 54 8b 41
0x00007ff9f2a56b9e:   2c 41 89 40 58 8b 41 30 41 89 40 5c 8b 41 14 41
0x00007ff9f2a56bae:   89 40 60 8b 41 18 41 89 40 64 8b 41 1c 41 89 40
0x00007ff9f2a56bbe:   68 8b 41 20 41 89 40 6c 8b 41 04 41 89 40 70 8b
0x00007ff9f2a56bce:   41 08 41 89 40 74 8b 41 0c 41 89 40 78 8b 41 10
0x00007ff9f2a56bde:   41 89 40 7c 48 8b 42 18 8b 88 38 0b 00 00 f6 c1
0x00007ff9f2a56bee:   08 0f 84 86 00 00 00 8b 80 3c 0b 00 00 41 89 80
0x00007ff9f2a56bfe:   80 00 00 00 48 8b 42 18 8b 88 40 0b 00 00 41 89
0x00007ff9f2a56c0e:   88 84 00 00 00 48 8b 42 18 8b 88 44 0b 00 00 41
0x00007ff9f2a56c1e:   89 88 88 00 00 00 48 8b 42 18 8b 88 48 0b 00 00
0x00007ff9f2a56c2e:   41 89 88 8c 00 00 00 48 8b 42 18 8b 88 4c 0b 00
0x00007ff9f2a56c3e:   00 41 89 88 90 00 00 00 48 8b 42 18 8b 88 50 0b
0x00007ff9f2a56c4e:   00 00 41 89 88 94 00 00 00 48 8b 42 18 8b 88 54
0x00007ff9f2a56c5e:   0b 00 00 41 89 88 98 00 00 00 48 8b 42 18 8b 88
0x00007ff9f2a56c6e:   58 0b 00 00 41 89 88 9c 00 00 00 eb 52 f6 c1 10
0x00007ff9f2a56c7e:   74 4d 8b 80 5c 0b 00 00 41 89 80 80 00 00 00 41 


Stack slot to memory mapping:
stack at sp + 0 slots: 0x00007ff9f2a5046e ig9icd64.dll
stack at sp + 1 slots: 0x0000007e7eafe1e0 is pointing into the stack for thread: 0x0000019bb2ccd800
stack at sp + 2 slots: 0x0000007e7eafdfd0 is pointing into the stack for thread: 0x0000019bb2ccd800
stack at sp + 3 slots: 0x00000000000003ff is an unknown value
stack at sp + 4 slots: 0x0000000000000504 is an unknown value
stack at sp + 5 slots: 0x0 is NULL
stack at sp + 6 slots: 0x0000019b32000537 is an unknown value
stack at sp + 7 slots: 0x0000019bbeb30b00 points into unknown readable memory: 70 bd 1f b3 9b 01 00 00


---------------  P R O C E S S  ---------------

Threads class SMR info:
_java_thread_list=0x0000019bb2da7920, length=35, elements={
0x0000019baca8d800, 0x0000019baca8f000, 0x0000019bacaad800, 0x0000019bacab0800,
0x0000019bacab3800, 0x0000019bacab4800, 0x0000019bacaba000, 0x0000019bacabb000,
0x0000019bad72d800, 0x0000019bad72e800, 0x0000019bad72f800, 0x0000019bad739800,
0x0000019bad74d800, 0x0000019bae005800, 0x0000019baded3000, 0x0000019bae031800,
0x0000019bb298b800, 0x0000019baddbe000, 0x0000019bb29d6800, 0x0000019bb29d7000,
0x0000019bb2ccd800, 0x0000019bb2ca3000, 0x0000019bb2ca5800, 0x0000019bb2ca4000,
0x0000019bb2ca5000, 0x0000019bb2ca0000, 0x0000019bb2ca1000, 0x0000019bb2ca2800,
0x0000019bb2ca1800, 0x0000019bb2ca6800, 0x0000019bb311c800, 0x0000019bb3117800,
0x0000019bb3119000, 0x0000019bb311b000, 0x0000019bb311b800
}

Java Threads: ( => current thread )
  0x0000019baca8d800 JavaThread "Reference Handler" daemon [_thread_blocked, id=19008, stack(0x0000007e7d300000,0x0000007e7d400000)]
  0x0000019baca8f000 JavaThread "Finalizer" daemon [_thread_blocked, id=5200, stack(0x0000007e7d400000,0x0000007e7d500000)]
  0x0000019bacaad800 JavaThread "Signal Dispatcher" daemon [_thread_blocked, id=13976, stack(0x0000007e7d500000,0x0000007e7d600000)]
  0x0000019bacab0800 JavaThread "Attach Listener" daemon [_thread_blocked, id=11992, stack(0x0000007e7d600000,0x0000007e7d700000)]
  0x0000019bacab3800 JavaThread "Service Thread" daemon [_thread_blocked, id=18072, stack(0x0000007e7d700000,0x0000007e7d800000)]
  0x0000019bacab4800 JavaThread "C2 CompilerThread0" daemon [_thread_blocked, id=15232, stack(0x0000007e7d800000,0x0000007e7d900000)]
  0x0000019bacaba000 JavaThread "C1 CompilerThread0" daemon [_thread_blocked, id=16444, stack(0x0000007e7d900000,0x0000007e7da00000)]
  0x0000019bacabb000 JavaThread "Sweeper thread" daemon [_thread_blocked, id=18712, stack(0x0000007e7da00000,0x0000007e7db00000)]
  0x0000019bad72d800 JavaThread "JDWP Transport Listener: dt_socket" daemon [_thread_blocked, id=18860, stack(0x0000007e7db00000,0x0000007e7dc00000)]
  0x0000019bad72e800 JavaThread "JDWP Event Helper Thread" daemon [_thread_blocked, id=17292, stack(0x0000007e7dc00000,0x0000007e7dd00000)]
  0x0000019bad72f800 JavaThread "JDWP Command Reader" daemon [_thread_in_native, id=10480, stack(0x0000007e7dd00000,0x0000007e7de00000)]
  0x0000019bad739800 JavaThread "Notification Thread" daemon [_thread_blocked, id=15432, stack(0x0000007e7de00000,0x0000007e7df00000)]
  0x0000019bad74d800 JavaThread "Common-Cleaner" daemon [_thread_blocked, id=17832, stack(0x0000007e7e000000,0x0000007e7e100000)]
  0x0000019bae005800 JavaThread "Java2D Disposer" daemon [_thread_blocked, id=19504, stack(0x0000007e7e200000,0x0000007e7e300000)]
  0x0000019baded3000 JavaThread "AWT-Shutdown" [_thread_blocked, id=15472, stack(0x0000007e7e300000,0x0000007e7e400000)]
  0x0000019bae031800 JavaThread "AWT-Windows" daemon [_thread_in_native, id=17720, stack(0x0000007e7e400000,0x0000007e7e500000)]
  0x0000019bb298b800 JavaThread "J3D-RenderingAttributesStructureUpdateThread" [_thread_blocked, id=14764, stack(0x0000007e7e600000,0x0000007e7e700000)]
  0x0000019baddbe000 JavaThread "J3D-TimerThread" [_thread_blocked, id=7940, stack(0x0000007e7e700000,0x0000007e7e800000)]
  0x0000019bb29d6800 JavaThread "J3D-NotificationThread" [_thread_blocked, id=8644, stack(0x0000007e7e800000,0x0000007e7e900000)]
  0x0000019bb29d7000 JavaThread "J3D-MasterControl-1" [_thread_blocked, id=15948, stack(0x0000007e7e900000,0x0000007e7ea00000)]
=>0x0000019bb2ccd800 JavaThread "J3D-Renderer-1" [_thread_in_native, id=16220, stack(0x0000007e7ea00000,0x0000007e7eb00000)]
  0x0000019bb2ca3000 JavaThread "AWT-EventQueue-0" [_thread_blocked, id=17124, stack(0x0000007e7e100000,0x0000007e7e200000)]
  0x0000019bb2ca5800 JavaThread "Image Fetcher 0" daemon [_thread_blocked, id=15520, stack(0x0000007e7ee00000,0x0000007e7ef00000)]
  0x0000019bb2ca4000 JavaThread "Timer-0" [_thread_blocked, id=19948, stack(0x0000007e7f700000,0x0000007e7f800000)]
  0x0000019bb2ca5000 JavaThread "J3D-BehaviorStructureUpdateThread-1" [_thread_blocked, id=20260, stack(0x0000007e7f800000,0x0000007e7f900000)]
  0x0000019bb2ca0000 JavaThread "J3D-GeometryStructureUpdateThread-1" [_thread_blocked, id=18364, stack(0x0000007e7f900000,0x0000007e7fa00000)]
  0x0000019bb2ca1000 JavaThread "J3D-SoundStructureUpdateThread-1" [_thread_blocked, id=20028, stack(0x0000007e7fa00000,0x0000007e7fb00000)]
  0x0000019bb2ca2800 JavaThread "J3D-RenderingEnvironmentStructureUpdateThread-1" [_thread_blocked, id=19564, stack(0x0000007e7fb00000,0x0000007e7fc00000)]
  0x0000019bb2ca1800 JavaThread "J3D-TransformStructureUpdateThread-1" [_thread_blocked, id=19836, stack(0x0000007e7fc00000,0x0000007e7fd00000)]
  0x0000019bb2ca6800 JavaThread "J3D-BehaviorScheduler-1" [_thread_blocked, id=18820, stack(0x0000007e7fd00000,0x0000007e7fe00000)]
  0x0000019bb311c800 JavaThread "J3D-RenderStructureUpdateThread-1" [_thread_blocked, id=19480, stack(0x0000007e7fe00000,0x0000007e7ff00000)]
  0x0000019bb3117800 JavaThread "J3D-SoundSchedulerUpdateThread-1" [_thread_blocked, id=18724, stack(0x0000007e7ff00000,0x0000007e80000000)]
  0x0000019bb3119000 JavaThread "J3D-InputDeviceScheduler-1" [_thread_blocked, id=11060, stack(0x0000007e00000000,0x0000007e00100000)]
  0x0000019bb311b000 JavaThread "DestroyJavaVM" [_thread_blocked, id=18124, stack(0x0000007e7cc00000,0x0000007e7cd00000)]
  0x0000019bb311b800 JavaThread "ToolkitShutdown" daemon [_thread_in_native, id=18616, stack(0x0000007e00300000,0x0000007e00400000)]

Other Threads:
  0x0000019baca8b000 VMThread "VM Thread" [stack: 0x0000007e7d200000,0x0000007e7d300000] [id=19708]
  0x0000019bad747000 WatcherThread [stack: 0x0000007e7df00000,0x0000007e7e000000] [id=19852]
  0x0000019b88dab000 GCTaskThread "GC Thread#0" [stack: 0x0000007e7cd00000,0x0000007e7ce00000] [id=11732]
  0x0000019bb2d11800 GCTaskThread "GC Thread#1" [stack: 0x0000007e7ef00000,0x0000007e7f000000] [id=19604]
  0x0000019bb2b26000 GCTaskThread "GC Thread#2" [stack: 0x0000007e7f000000,0x0000007e7f100000] [id=19596]
  0x0000019bb2b27000 GCTaskThread "GC Thread#3" [stack: 0x0000007e7f100000,0x0000007e7f200000] [id=19900]
  0x0000019bb2b27800 GCTaskThread "GC Thread#4" [stack: 0x0000007e7f200000,0x0000007e7f300000] [id=8640]
  0x0000019bb2b2c000 GCTaskThread "GC Thread#5" [stack: 0x0000007e7f300000,0x0000007e7f400000] [id=6892]
  0x0000019bb2b2d000 GCTaskThread "GC Thread#6" [stack: 0x0000007e7f400000,0x0000007e7f500000] [id=19572]
  0x0000019bb2b59800 GCTaskThread "GC Thread#7" [stack: 0x0000007e7f500000,0x0000007e7f600000] [id=19312]
  0x0000019b88dcd000 ConcurrentGCThread "G1 Main Marker" [stack: 0x0000007e7ce00000,0x0000007e7cf00000] [id=10620]
  0x0000019b88dd0000 ConcurrentGCThread "G1 Conc#0" [stack: 0x0000007e7cf00000,0x0000007e7d000000] [id=20256]
  0x0000019bac9d0800 ConcurrentGCThread "G1 Refine#0" [stack: 0x0000007e7d000000,0x0000007e7d100000] [id=17632]
  0x0000019bac9d1800 ConcurrentGCThread "G1 Young RemSet Sampling" [stack: 0x0000007e7d100000,0x0000007e7d200000] [id=18792]

Threads with active compile tasks:

VM state:not at safepoint (normal execution)

VM Mutex/Monitor currently owned by a thread: None

Heap address: 0x0000000702c00000, size: 4052 MB, Compressed Oops mode: Zero based, Oop shift amount: 3
Narrow klass base: 0x0000000800000000, Narrow klass shift: 3
Compressed class space size: 1073741824 Address: 0x0000000800b30000

Heap:
 garbage-first heap   total 260096K, used 119505K [0x0000000702c00000, 0x0000000800000000)
  region size 1024K, 96 young (98304K), 2 survivors (2048K)
 Metaspace       used 13593K, capacity 13868K, committed 14208K, reserved 1062912K
  class space    used 1419K, capacity 1549K, committed 1664K, reserved 1048576K
Heap Regions: E=young(eden), S=young(survivor), O=old, HS=humongous(starts), HC=humongous(continues), CS=collection set, F=free, OA=open archive, CA=closed archive, TAMS=top-at-mark-start (previous, next)
|   0|0x0000000702c00000, 0x0000000702d00000, 0x0000000702d00000|100%|HS|  |TAMS 0x0000000702c00000, 0x0000000702c00000| Complete 
|   1|0x0000000702d00000, 0x0000000702e00000, 0x0000000702e00000|100%|HC|  |TAMS 0x0000000702d00000, 0x0000000702d00000| Complete 
|   2|0x0000000702e00000, 0x0000000702f00000, 0x0000000702f00000|100%|HC|  |TAMS 0x0000000702e00000, 0x0000000702e00000| Complete 
|   3|0x0000000702f00000, 0x0000000703000000, 0x0000000703000000|100%|HC|  |TAMS 0x0000000702f00000, 0x0000000702f00000| Complete 
|   4|0x0000000703000000, 0x0000000703100000, 0x0000000703100000|100%|HS|  |TAMS 0x0000000703000000, 0x0000000703000000| Complete 
|   5|0x0000000703100000, 0x0000000703200000, 0x0000000703200000|100%|HC|  |TAMS 0x0000000703100000, 0x0000000703100000| Complete 
|   6|0x0000000703200000, 0x0000000703300000, 0x0000000703300000|100%| O|  |TAMS 0x0000000703200000, 0x0000000703200000| Untracked 
|   7|0x0000000703300000, 0x0000000703400000, 0x0000000703400000|100%|HS|  |TAMS 0x0000000703300000, 0x0000000703300000| Complete 
|   8|0x0000000703400000, 0x0000000703500000, 0x0000000703500000|100%|HC|  |TAMS 0x0000000703400000, 0x0000000703400000| Complete 
|   9|0x0000000703500000, 0x0000000703600000, 0x0000000703600000|100%|HS|  |TAMS 0x0000000703500000, 0x0000000703500000| Complete 
|  10|0x0000000703600000, 0x0000000703700000, 0x0000000703700000|100%|HC|  |TAMS 0x0000000703600000, 0x0000000703600000| Complete 
|  11|0x0000000703700000, 0x0000000703800000, 0x0000000703800000|100%|HS|  |TAMS 0x0000000703700000, 0x0000000703700000| Complete 
|  12|0x0000000703800000, 0x0000000703900000, 0x0000000703900000|100%|HC|  |TAMS 0x0000000703800000, 0x0000000703800000| Complete 
|  13|0x0000000703900000, 0x0000000703a00000, 0x0000000703a00000|100%|HC|  |TAMS 0x0000000703900000, 0x0000000703900000| Complete 
|  14|0x0000000703a00000, 0x0000000703b00000, 0x0000000703b00000|100%|HC|  |TAMS 0x0000000703a00000, 0x0000000703a00000| Complete 
|  15|0x0000000703b00000, 0x0000000703c00000, 0x0000000703c00000|100%|HS|  |TAMS 0x0000000703b00000, 0x0000000703b00000| Complete 
|  16|0x0000000703c00000, 0x0000000703d00000, 0x0000000703d00000|100%|HC|  |TAMS 0x0000000703c00000, 0x0000000703c00000| Complete 
|  17|0x0000000703d00000, 0x0000000703e00000, 0x0000000703e00000|100%|HC|  |TAMS 0x0000000703d00000, 0x0000000703d00000| Complete 
|  18|0x0000000703e00000, 0x0000000703f00000, 0x0000000703f00000|100%|HC|  |TAMS 0x0000000703e00000, 0x0000000703e00000| Complete 
|  19|0x0000000703f00000, 0x0000000703f00000, 0x0000000704000000|  0%| F|  |TAMS 0x0000000703f00000, 0x0000000703f00000| Untracked 
|  20|0x0000000704000000, 0x0000000704100000, 0x0000000704100000|100%|HS|  |TAMS 0x0000000704000000, 0x0000000704000000| Complete 
|  21|0x0000000704100000, 0x0000000704200000, 0x0000000704200000|100%|HS|  |TAMS 0x0000000704100000, 0x0000000704100000| Complete 
|  22|0x0000000704200000, 0x0000000704300000, 0x0000000704300000|100%| O|  |TAMS 0x0000000704200000, 0x0000000704200000| Untracked 
|  23|0x0000000704300000, 0x0000000704400000, 0x0000000704400000|100%| O|  |TAMS 0x0000000704300000, 0x0000000704300000| Untracked 
|  24|0x0000000704400000, 0x000000070446c000, 0x0000000704500000| 42%| O|  |TAMS 0x0000000704400000, 0x0000000704400000| Untracked 
|  25|0x0000000704500000, 0x0000000704500000, 0x0000000704600000|  0%| F|  |TAMS 0x0000000704500000, 0x0000000704500000| Untracked 
|  26|0x0000000704600000, 0x0000000704600000, 0x0000000704700000|  0%| F|  |TAMS 0x0000000704600000, 0x0000000704600000| Untracked 
|  27|0x0000000704700000, 0x0000000704700000, 0x0000000704800000|  0%| F|  |TAMS 0x0000000704700000, 0x0000000704700000| Untracked 
|  28|0x0000000704800000, 0x0000000704800000, 0x0000000704900000|  0%| F|  |TAMS 0x0000000704800000, 0x0000000704800000| Untracked 
|  29|0x0000000704900000, 0x0000000704900000, 0x0000000704a00000|  0%| F|  |TAMS 0x0000000704900000, 0x0000000704900000| Untracked 
|  30|0x0000000704a00000, 0x0000000704a00000, 0x0000000704b00000|  0%| F|  |TAMS 0x0000000704a00000, 0x0000000704a00000| Untracked 
|  31|0x0000000704b00000, 0x0000000704b00000, 0x0000000704c00000|  0%| F|  |TAMS 0x0000000704b00000, 0x0000000704b00000| Untracked 
|  32|0x0000000704c00000, 0x0000000704c00000, 0x0000000704d00000|  0%| F|  |TAMS 0x0000000704c00000, 0x0000000704c00000| Untracked 
|  33|0x0000000704d00000, 0x0000000704d00000, 0x0000000704e00000|  0%| F|  |TAMS 0x0000000704d00000, 0x0000000704d00000| Untracked 
|  34|0x0000000704e00000, 0x0000000704e00000, 0x0000000704f00000|  0%| F|  |TAMS 0x0000000704e00000, 0x0000000704e00000| Untracked 
|  35|0x0000000704f00000, 0x0000000704f00000, 0x0000000705000000|  0%| F|  |TAMS 0x0000000704f00000, 0x0000000704f00000| Untracked 
|  36|0x0000000705000000, 0x0000000705000000, 0x0000000705100000|  0%| F|  |TAMS 0x0000000705000000, 0x0000000705000000| Untracked 
|  37|0x0000000705100000, 0x0000000705100000, 0x0000000705200000|  0%| F|  |TAMS 0x0000000705100000, 0x0000000705100000| Untracked 
|  38|0x0000000705200000, 0x0000000705200000, 0x0000000705300000|  0%| F|  |TAMS 0x0000000705200000, 0x0000000705200000| Untracked 
|  39|0x0000000705300000, 0x0000000705300000, 0x0000000705400000|  0%| F|  |TAMS 0x0000000705300000, 0x0000000705300000| Untracked 
|  40|0x0000000705400000, 0x0000000705400000, 0x0000000705500000|  0%| F|  |TAMS 0x0000000705400000, 0x0000000705400000| Untracked 
|  41|0x0000000705500000, 0x0000000705500000, 0x0000000705600000|  0%| F|  |TAMS 0x0000000705500000, 0x0000000705500000| Untracked 
|  42|0x0000000705600000, 0x0000000705600000, 0x0000000705700000|  0%| F|  |TAMS 0x0000000705600000, 0x0000000705600000| Untracked 
|  43|0x0000000705700000, 0x0000000705700000, 0x0000000705800000|  0%| F|  |TAMS 0x0000000705700000, 0x0000000705700000| Untracked 
|  44|0x0000000705800000, 0x0000000705800000, 0x0000000705900000|  0%| F|  |TAMS 0x0000000705800000, 0x0000000705800000| Untracked 
|  45|0x0000000705900000, 0x0000000705900000, 0x0000000705a00000|  0%| F|  |TAMS 0x0000000705900000, 0x0000000705900000| Untracked 
|  46|0x0000000705a00000, 0x0000000705a00000, 0x0000000705b00000|  0%| F|  |TAMS 0x0000000705a00000, 0x0000000705a00000| Untracked 
|  47|0x0000000705b00000, 0x0000000705b00000, 0x0000000705c00000|  0%| F|  |TAMS 0x0000000705b00000, 0x0000000705b00000| Untracked 
|  48|0x0000000705c00000, 0x0000000705c00000, 0x0000000705d00000|  0%| F|  |TAMS 0x0000000705c00000, 0x0000000705c00000| Untracked 
|  49|0x0000000705d00000, 0x0000000705d00000, 0x0000000705e00000|  0%| F|  |TAMS 0x0000000705d00000, 0x0000000705d00000| Untracked 
|  50|0x0000000705e00000, 0x0000000705e00000, 0x0000000705f00000|  0%| F|  |TAMS 0x0000000705e00000, 0x0000000705e00000| Untracked 
|  51|0x0000000705f00000, 0x0000000705f00000, 0x0000000706000000|  0%| F|  |TAMS 0x0000000705f00000, 0x0000000705f00000| Untracked 
|  52|0x0000000706000000, 0x0000000706000000, 0x0000000706100000|  0%| F|  |TAMS 0x0000000706000000, 0x0000000706000000| Untracked 
|  53|0x0000000706100000, 0x0000000706100000, 0x0000000706200000|  0%| F|  |TAMS 0x0000000706100000, 0x0000000706100000| Untracked 
|  54|0x0000000706200000, 0x0000000706200000, 0x0000000706300000|  0%| F|  |TAMS 0x0000000706200000, 0x0000000706200000| Untracked 
|  55|0x0000000706300000, 0x0000000706300000, 0x0000000706400000|  0%| F|  |TAMS 0x0000000706300000, 0x0000000706300000| Untracked 
|  56|0x0000000706400000, 0x0000000706400000, 0x0000000706500000|  0%| F|  |TAMS 0x0000000706400000, 0x0000000706400000| Untracked 
|  57|0x0000000706500000, 0x0000000706500000, 0x0000000706600000|  0%| F|  |TAMS 0x0000000706500000, 0x0000000706500000| Untracked 
|  58|0x0000000706600000, 0x0000000706600000, 0x0000000706700000|  0%| F|  |TAMS 0x0000000706600000, 0x0000000706600000| Untracked 
|  59|0x0000000706700000, 0x0000000706700000, 0x0000000706800000|  0%| F|  |TAMS 0x0000000706700000, 0x0000000706700000| Untracked 
|  60|0x0000000706800000, 0x0000000706800000, 0x0000000706900000|  0%| F|  |TAMS 0x0000000706800000, 0x0000000706800000| Untracked 
|  61|0x0000000706900000, 0x0000000706900000, 0x0000000706a00000|  0%| F|  |TAMS 0x0000000706900000, 0x0000000706900000| Untracked 
|  62|0x0000000706a00000, 0x0000000706a00000, 0x0000000706b00000|  0%| F|  |TAMS 0x0000000706a00000, 0x0000000706a00000| Untracked 
|  63|0x0000000706b00000, 0x0000000706b00000, 0x0000000706c00000|  0%| F|  |TAMS 0x0000000706b00000, 0x0000000706b00000| Untracked 
|  64|0x0000000706c00000, 0x0000000706c00000, 0x0000000706d00000|  0%| F|  |TAMS 0x0000000706c00000, 0x0000000706c00000| Untracked 
|  65|0x0000000706d00000, 0x0000000706d00000, 0x0000000706e00000|  0%| F|  |TAMS 0x0000000706d00000, 0x0000000706d00000| Untracked 
|  66|0x0000000706e00000, 0x0000000706e00000, 0x0000000706f00000|  0%| F|  |TAMS 0x0000000706e00000, 0x0000000706e00000| Untracked 
|  67|0x0000000706f00000, 0x0000000706f00000, 0x0000000707000000|  0%| F|  |TAMS 0x0000000706f00000, 0x0000000706f00000| Untracked 
|  68|0x0000000707000000, 0x0000000707000000, 0x0000000707100000|  0%| F|  |TAMS 0x0000000707000000, 0x0000000707000000| Untracked 
|  69|0x0000000707100000, 0x0000000707100000, 0x0000000707200000|  0%| F|  |TAMS 0x0000000707100000, 0x0000000707100000| Untracked 
|  70|0x0000000707200000, 0x0000000707200000, 0x0000000707300000|  0%| F|  |TAMS 0x0000000707200000, 0x0000000707200000| Untracked 
|  71|0x0000000707300000, 0x0000000707300000, 0x0000000707400000|  0%| F|  |TAMS 0x0000000707300000, 0x0000000707300000| Untracked 
|  72|0x0000000707400000, 0x0000000707400000, 0x0000000707500000|  0%| F|  |TAMS 0x0000000707400000, 0x0000000707400000| Untracked 
|  73|0x0000000707500000, 0x0000000707500000, 0x0000000707600000|  0%| F|  |TAMS 0x0000000707500000, 0x0000000707500000| Untracked 
|  74|0x0000000707600000, 0x0000000707600000, 0x0000000707700000|  0%| F|  |TAMS 0x0000000707600000, 0x0000000707600000| Untracked 
|  75|0x0000000707700000, 0x0000000707700000, 0x0000000707800000|  0%| F|  |TAMS 0x0000000707700000, 0x0000000707700000| Untracked 
|  76|0x0000000707800000, 0x0000000707800000, 0x0000000707900000|  0%| F|  |TAMS 0x0000000707800000, 0x0000000707800000| Untracked 
|  77|0x0000000707900000, 0x0000000707900000, 0x0000000707a00000|  0%| F|  |TAMS 0x0000000707900000, 0x0000000707900000| Untracked 
|  78|0x0000000707a00000, 0x0000000707a00000, 0x0000000707b00000|  0%| F|  |TAMS 0x0000000707a00000, 0x0000000707a00000| Untracked 
|  79|0x0000000707b00000, 0x0000000707b00000, 0x0000000707c00000|  0%| F|  |TAMS 0x0000000707b00000, 0x0000000707b00000| Untracked 
|  80|0x0000000707c00000, 0x0000000707c00000, 0x0000000707d00000|  0%| F|  |TAMS 0x0000000707c00000, 0x0000000707c00000| Untracked 
|  81|0x0000000707d00000, 0x0000000707d00000, 0x0000000707e00000|  0%| F|  |TAMS 0x0000000707d00000, 0x0000000707d00000| Untracked 
|  82|0x0000000707e00000, 0x0000000707e00000, 0x0000000707f00000|  0%| F|  |TAMS 0x0000000707e00000, 0x0000000707e00000| Untracked 
|  83|0x0000000707f00000, 0x0000000707f00000, 0x0000000708000000|  0%| F|  |TAMS 0x0000000707f00000, 0x0000000707f00000| Untracked 
|  84|0x0000000708000000, 0x0000000708000000, 0x0000000708100000|  0%| F|  |TAMS 0x0000000708000000, 0x0000000708000000| Untracked 
|  85|0x0000000708100000, 0x0000000708100000, 0x0000000708200000|  0%| F|  |TAMS 0x0000000708100000, 0x0000000708100000| Untracked 
|  86|0x0000000708200000, 0x0000000708200000, 0x0000000708300000|  0%| F|  |TAMS 0x0000000708200000, 0x0000000708200000| Untracked 
|  87|0x0000000708300000, 0x0000000708300000, 0x0000000708400000|  0%| F|  |TAMS 0x0000000708300000, 0x0000000708300000| Untracked 
|  88|0x0000000708400000, 0x0000000708400000, 0x0000000708500000|  0%| F|  |TAMS 0x0000000708400000, 0x0000000708400000| Untracked 
|  89|0x0000000708500000, 0x0000000708500000, 0x0000000708600000|  0%| F|  |TAMS 0x0000000708500000, 0x0000000708500000| Untracked 
|  90|0x0000000708600000, 0x0000000708600000, 0x0000000708700000|  0%| F|  |TAMS 0x0000000708600000, 0x0000000708600000| Untracked 
|  91|0x0000000708700000, 0x0000000708700000, 0x0000000708800000|  0%| F|  |TAMS 0x0000000708700000, 0x0000000708700000| Untracked 
|  92|0x0000000708800000, 0x0000000708800000, 0x0000000708900000|  0%| F|  |TAMS 0x0000000708800000, 0x0000000708800000| Untracked 
|  93|0x0000000708900000, 0x0000000708900000, 0x0000000708a00000|  0%| F|  |TAMS 0x0000000708900000, 0x0000000708900000| Untracked 
|  94|0x0000000708a00000, 0x0000000708a00000, 0x0000000708b00000|  0%| F|  |TAMS 0x0000000708a00000, 0x0000000708a00000| Untracked 
|  95|0x0000000708b00000, 0x0000000708b00000, 0x0000000708c00000|  0%| F|  |TAMS 0x0000000708b00000, 0x0000000708b00000| Untracked 
|  96|0x0000000708c00000, 0x0000000708c00000, 0x0000000708d00000|  0%| F|  |TAMS 0x0000000708c00000, 0x0000000708c00000| Untracked 
|  97|0x0000000708d00000, 0x0000000708d00000, 0x0000000708e00000|  0%| F|  |TAMS 0x0000000708d00000, 0x0000000708d00000| Untracked 
|  98|0x0000000708e00000, 0x0000000708e00000, 0x0000000708f00000|  0%| F|  |TAMS 0x0000000708e00000, 0x0000000708e00000| Untracked 
|  99|0x0000000708f00000, 0x0000000708f00000, 0x0000000709000000|  0%| F|  |TAMS 0x0000000708f00000, 0x0000000708f00000| Untracked 
| 100|0x0000000709000000, 0x0000000709000000, 0x0000000709100000|  0%| F|  |TAMS 0x0000000709000000, 0x0000000709000000| Untracked 
| 101|0x0000000709100000, 0x0000000709100000, 0x0000000709200000|  0%| F|  |TAMS 0x0000000709100000, 0x0000000709100000| Untracked 
| 102|0x0000000709200000, 0x0000000709200000, 0x0000000709300000|  0%| F|  |TAMS 0x0000000709200000, 0x0000000709200000| Untracked 
| 103|0x0000000709300000, 0x0000000709300000, 0x0000000709400000|  0%| F|  |TAMS 0x0000000709300000, 0x0000000709300000| Untracked 
| 104|0x0000000709400000, 0x0000000709400000, 0x0000000709500000|  0%| F|  |TAMS 0x0000000709400000, 0x0000000709400000| Untracked 
| 105|0x0000000709500000, 0x0000000709500000, 0x0000000709600000|  0%| F|  |TAMS 0x0000000709500000, 0x0000000709500000| Untracked 
| 106|0x0000000709600000, 0x0000000709600000, 0x0000000709700000|  0%| F|  |TAMS 0x0000000709600000, 0x0000000709600000| Untracked 
| 107|0x0000000709700000, 0x0000000709700000, 0x0000000709800000|  0%| F|  |TAMS 0x0000000709700000, 0x0000000709700000| Untracked 
| 108|0x0000000709800000, 0x0000000709800000, 0x0000000709900000|  0%| F|  |TAMS 0x0000000709800000, 0x0000000709800000| Untracked 
| 109|0x0000000709900000, 0x0000000709900000, 0x0000000709a00000|  0%| F|  |TAMS 0x0000000709900000, 0x0000000709900000| Untracked 
| 110|0x0000000709a00000, 0x0000000709a00000, 0x0000000709b00000|  0%| F|  |TAMS 0x0000000709a00000, 0x0000000709a00000| Untracked 
| 111|0x0000000709b00000, 0x0000000709b00000, 0x0000000709c00000|  0%| F|  |TAMS 0x0000000709b00000, 0x0000000709b00000| Untracked 
| 112|0x0000000709c00000, 0x0000000709c00000, 0x0000000709d00000|  0%| F|  |TAMS 0x0000000709c00000, 0x0000000709c00000| Untracked 
| 113|0x0000000709d00000, 0x0000000709d00000, 0x0000000709e00000|  0%| F|  |TAMS 0x0000000709d00000, 0x0000000709d00000| Untracked 
| 114|0x0000000709e00000, 0x0000000709e00000, 0x0000000709f00000|  0%| F|  |TAMS 0x0000000709e00000, 0x0000000709e00000| Untracked 
| 115|0x0000000709f00000, 0x0000000709f00000, 0x000000070a000000|  0%| F|  |TAMS 0x0000000709f00000, 0x0000000709f00000| Untracked 
| 116|0x000000070a000000, 0x000000070a000000, 0x000000070a100000|  0%| F|  |TAMS 0x000000070a000000, 0x000000070a000000| Untracked 
| 117|0x000000070a100000, 0x000000070a100000, 0x000000070a200000|  0%| F|  |TAMS 0x000000070a100000, 0x000000070a100000| Untracked 
| 118|0x000000070a200000, 0x000000070a200000, 0x000000070a300000|  0%| F|  |TAMS 0x000000070a200000, 0x000000070a200000| Untracked 
| 119|0x000000070a300000, 0x000000070a300000, 0x000000070a400000|  0%| F|  |TAMS 0x000000070a300000, 0x000000070a300000| Untracked 
| 120|0x000000070a400000, 0x000000070a400000, 0x000000070a500000|  0%| F|  |TAMS 0x000000070a400000, 0x000000070a400000| Untracked 
| 121|0x000000070a500000, 0x000000070a500000, 0x000000070a600000|  0%| F|  |TAMS 0x000000070a500000, 0x000000070a500000| Untracked 
| 122|0x000000070a600000, 0x000000070a600000, 0x000000070a700000|  0%| F|  |TAMS 0x000000070a600000, 0x000000070a600000| Untracked 
| 123|0x000000070a700000, 0x000000070a700000, 0x000000070a800000|  0%| F|  |TAMS 0x000000070a700000, 0x000000070a700000| Untracked 
| 124|0x000000070a800000, 0x000000070a800000, 0x000000070a900000|  0%| F|  |TAMS 0x000000070a800000, 0x000000070a800000| Untracked 
| 125|0x000000070a900000, 0x000000070a900000, 0x000000070aa00000|  0%| F|  |TAMS 0x000000070a900000, 0x000000070a900000| Untracked 
| 126|0x000000070aa00000, 0x000000070aa00000, 0x000000070ab00000|  0%| F|  |TAMS 0x000000070aa00000, 0x000000070aa00000| Untracked 
| 127|0x000000070ab00000, 0x000000070ab00000, 0x000000070ac00000|  0%| F|  |TAMS 0x000000070ab00000, 0x000000070ab00000| Untracked 
| 128|0x000000070ac00000, 0x000000070ac00000, 0x000000070ad00000|  0%| F|  |TAMS 0x000000070ac00000, 0x000000070ac00000| Untracked 
| 129|0x000000070ad00000, 0x000000070ad00000, 0x000000070ae00000|  0%| F|  |TAMS 0x000000070ad00000, 0x000000070ad00000| Untracked 
| 130|0x000000070ae00000, 0x000000070ae00000, 0x000000070af00000|  0%| F|  |TAMS 0x000000070ae00000, 0x000000070ae00000| Untracked 
| 131|0x000000070af00000, 0x000000070af00000, 0x000000070b000000|  0%| F|  |TAMS 0x000000070af00000, 0x000000070af00000| Untracked 
| 132|0x000000070b000000, 0x000000070b000000, 0x000000070b100000|  0%| F|  |TAMS 0x000000070b000000, 0x000000070b000000| Untracked 
| 133|0x000000070b100000, 0x000000070b100000, 0x000000070b200000|  0%| F|  |TAMS 0x000000070b100000, 0x000000070b100000| Untracked 
| 134|0x000000070b200000, 0x000000070b200000, 0x000000070b300000|  0%| F|  |TAMS 0x000000070b200000, 0x000000070b200000| Untracked 
| 135|0x000000070b300000, 0x000000070b300000, 0x000000070b400000|  0%| F|  |TAMS 0x000000070b300000, 0x000000070b300000| Untracked 
| 136|0x000000070b400000, 0x000000070b400000, 0x000000070b500000|  0%| F|  |TAMS 0x000000070b400000, 0x000000070b400000| Untracked 
| 137|0x000000070b500000, 0x000000070b500000, 0x000000070b600000|  0%| F|  |TAMS 0x000000070b500000, 0x000000070b500000| Untracked 
| 138|0x000000070b600000, 0x000000070b600000, 0x000000070b700000|  0%| F|  |TAMS 0x000000070b600000, 0x000000070b600000| Untracked 
| 139|0x000000070b700000, 0x000000070b700000, 0x000000070b800000|  0%| F|  |TAMS 0x000000070b700000, 0x000000070b700000| Untracked 
| 140|0x000000070b800000, 0x000000070b800000, 0x000000070b900000|  0%| F|  |TAMS 0x000000070b800000, 0x000000070b800000| Untracked 
| 141|0x000000070b900000, 0x000000070b900000, 0x000000070ba00000|  0%| F|  |TAMS 0x000000070b900000, 0x000000070b900000| Untracked 
| 142|0x000000070ba00000, 0x000000070ba00000, 0x000000070bb00000|  0%| F|  |TAMS 0x000000070ba00000, 0x000000070ba00000| Untracked 
| 143|0x000000070bb00000, 0x000000070bb00000, 0x000000070bc00000|  0%| F|  |TAMS 0x000000070bb00000, 0x000000070bb00000| Untracked 
| 144|0x000000070bc00000, 0x000000070bc00000, 0x000000070bd00000|  0%| F|  |TAMS 0x000000070bc00000, 0x000000070bc00000| Untracked 
| 145|0x000000070bd00000, 0x000000070bd00000, 0x000000070be00000|  0%| F|  |TAMS 0x000000070bd00000, 0x000000070bd00000| Untracked 
| 146|0x000000070be00000, 0x000000070be00000, 0x000000070bf00000|  0%| F|  |TAMS 0x000000070be00000, 0x000000070be00000| Untracked 
| 147|0x000000070bf00000, 0x000000070bf00000, 0x000000070c000000|  0%| F|  |TAMS 0x000000070bf00000, 0x000000070bf00000| Untracked 
| 148|0x000000070c000000, 0x000000070c000000, 0x000000070c100000|  0%| F|  |TAMS 0x000000070c000000, 0x000000070c000000| Untracked 
| 149|0x000000070c100000, 0x000000070c100000, 0x000000070c200000|  0%| F|  |TAMS 0x000000070c100000, 0x000000070c100000| Untracked 
| 150|0x000000070c200000, 0x000000070c200000, 0x000000070c300000|  0%| F|  |TAMS 0x000000070c200000, 0x000000070c200000| Untracked 
| 151|0x000000070c300000, 0x000000070c300000, 0x000000070c400000|  0%| F|  |TAMS 0x000000070c300000, 0x000000070c300000| Untracked 
| 152|0x000000070c400000, 0x000000070c400000, 0x000000070c500000|  0%| F|  |TAMS 0x000000070c400000, 0x000000070c400000| Untracked 
| 153|0x000000070c500000, 0x000000070c500000, 0x000000070c600000|  0%| F|  |TAMS 0x000000070c500000, 0x000000070c500000| Untracked 
| 154|0x000000070c600000, 0x000000070c600000, 0x000000070c700000|  0%| F|  |TAMS 0x000000070c600000, 0x000000070c600000| Untracked 
| 155|0x000000070c700000, 0x000000070c700000, 0x000000070c800000|  0%| F|  |TAMS 0x000000070c700000, 0x000000070c700000| Untracked 
| 156|0x000000070c800000, 0x000000070c800000, 0x000000070c900000|  0%| F|  |TAMS 0x000000070c800000, 0x000000070c800000| Untracked 
| 157|0x000000070c900000, 0x000000070c900000, 0x000000070ca00000|  0%| F|  |TAMS 0x000000070c900000, 0x000000070c900000| Untracked 
| 158|0x000000070ca00000, 0x000000070ca01000, 0x000000070cb00000|  0%| E|  |TAMS 0x000000070ca00000, 0x000000070ca00000| Complete 
| 159|0x000000070cb00000, 0x000000070cc00000, 0x000000070cc00000|100%| E|CS|TAMS 0x000000070cb00000, 0x000000070cb00000| Complete 
| 160|0x000000070cc00000, 0x000000070cd00000, 0x000000070cd00000|100%| E|CS|TAMS 0x000000070cc00000, 0x000000070cc00000| Complete 
| 161|0x000000070cd00000, 0x000000070ce00000, 0x000000070ce00000|100%| E|CS|TAMS 0x000000070cd00000, 0x000000070cd00000| Complete 
| 162|0x000000070ce00000, 0x000000070cf00000, 0x000000070cf00000|100%| E|CS|TAMS 0x000000070ce00000, 0x000000070ce00000| Complete 
| 163|0x000000070cf00000, 0x000000070d000000, 0x000000070d000000|100%| E|CS|TAMS 0x000000070cf00000, 0x000000070cf00000| Complete 
| 164|0x000000070d000000, 0x000000070d100000, 0x000000070d100000|100%| E|CS|TAMS 0x000000070d000000, 0x000000070d000000| Complete 
| 165|0x000000070d100000, 0x000000070d200000, 0x000000070d200000|100%| E|CS|TAMS 0x000000070d100000, 0x000000070d100000| Complete 
| 166|0x000000070d200000, 0x000000070d300000, 0x000000070d300000|100%| E|CS|TAMS 0x000000070d200000, 0x000000070d200000| Complete 
| 167|0x000000070d300000, 0x000000070d400000, 0x000000070d400000|100%| E|CS|TAMS 0x000000070d300000, 0x000000070d300000| Complete 
| 168|0x000000070d400000, 0x000000070d500000, 0x000000070d500000|100%| E|CS|TAMS 0x000000070d400000, 0x000000070d400000| Complete 
| 169|0x000000070d500000, 0x000000070d600000, 0x000000070d600000|100%| E|CS|TAMS 0x000000070d500000, 0x000000070d500000| Complete 
| 170|0x000000070d600000, 0x000000070d700000, 0x000000070d700000|100%| E|CS|TAMS 0x000000070d600000, 0x000000070d600000| Complete 
| 171|0x000000070d700000, 0x000000070d800000, 0x000000070d800000|100%| E|CS|TAMS 0x000000070d700000, 0x000000070d700000| Complete 
| 172|0x000000070d800000, 0x000000070d900000, 0x000000070d900000|100%| E|CS|TAMS 0x000000070d800000, 0x000000070d800000| Complete 
| 173|0x000000070d900000, 0x000000070da00000, 0x000000070da00000|100%| E|CS|TAMS 0x000000070d900000, 0x000000070d900000| Complete 
| 174|0x000000070da00000, 0x000000070db00000, 0x000000070db00000|100%| E|CS|TAMS 0x000000070da00000, 0x000000070da00000| Complete 
| 175|0x000000070db00000, 0x000000070dc00000, 0x000000070dc00000|100%| E|CS|TAMS 0x000000070db00000, 0x000000070db00000| Complete 
| 176|0x000000070dc00000, 0x000000070dd00000, 0x000000070dd00000|100%| E|CS|TAMS 0x000000070dc00000, 0x000000070dc00000| Complete 
| 177|0x000000070dd00000, 0x000000070de00000, 0x000000070de00000|100%| E|CS|TAMS 0x000000070dd00000, 0x000000070dd00000| Complete 
| 178|0x000000070de00000, 0x000000070df00000, 0x000000070df00000|100%| E|CS|TAMS 0x000000070de00000, 0x000000070de00000| Complete 
| 179|0x000000070df00000, 0x000000070e000000, 0x000000070e000000|100%| E|CS|TAMS 0x000000070df00000, 0x000000070df00000| Complete 
| 180|0x000000070e000000, 0x000000070e100000, 0x000000070e100000|100%| E|CS|TAMS 0x000000070e000000, 0x000000070e000000| Complete 
| 181|0x000000070e100000, 0x000000070e200000, 0x000000070e200000|100%| E|CS|TAMS 0x000000070e100000, 0x000000070e100000| Complete 
| 182|0x000000070e200000, 0x000000070e300000, 0x000000070e300000|100%| E|CS|TAMS 0x000000070e200000, 0x000000070e200000| Complete 
| 183|0x000000070e300000, 0x000000070e400000, 0x000000070e400000|100%| E|CS|TAMS 0x000000070e300000, 0x000000070e300000| Complete 
| 184|0x000000070e400000, 0x000000070e500000, 0x000000070e500000|100%| E|CS|TAMS 0x000000070e400000, 0x000000070e400000| Complete 
| 185|0x000000070e500000, 0x000000070e600000, 0x000000070e600000|100%| E|CS|TAMS 0x000000070e500000, 0x000000070e500000| Complete 
| 186|0x000000070e600000, 0x000000070e700000, 0x000000070e700000|100%| E|CS|TAMS 0x000000070e600000, 0x000000070e600000| Complete 
| 187|0x000000070e700000, 0x000000070e800000, 0x000000070e800000|100%| E|CS|TAMS 0x000000070e700000, 0x000000070e700000| Complete 
| 188|0x000000070e800000, 0x000000070e900000, 0x000000070e900000|100%| E|CS|TAMS 0x000000070e800000, 0x000000070e800000| Complete 
| 189|0x000000070e900000, 0x000000070ea00000, 0x000000070ea00000|100%| E|CS|TAMS 0x000000070e900000, 0x000000070e900000| Complete 
| 190|0x000000070ea00000, 0x000000070eb00000, 0x000000070eb00000|100%| E|CS|TAMS 0x000000070ea00000, 0x000000070ea00000| Complete 
| 191|0x000000070eb00000, 0x000000070ec00000, 0x000000070ec00000|100%| E|CS|TAMS 0x000000070eb00000, 0x000000070eb00000| Complete 
| 192|0x000000070ec00000, 0x000000070ed00000, 0x000000070ed00000|100%| E|CS|TAMS 0x000000070ec00000, 0x000000070ec00000| Complete 
| 193|0x000000070ed00000, 0x000000070ee00000, 0x000000070ee00000|100%| E|CS|TAMS 0x000000070ed00000, 0x000000070ed00000| Complete 
| 194|0x000000070ee00000, 0x000000070ef00000, 0x000000070ef00000|100%| E|CS|TAMS 0x000000070ee00000, 0x000000070ee00000| Complete 
| 195|0x000000070ef00000, 0x000000070f000000, 0x000000070f000000|100%| E|CS|TAMS 0x000000070ef00000, 0x000000070ef00000| Complete 
| 196|0x000000070f000000, 0x000000070f100000, 0x000000070f100000|100%| E|CS|TAMS 0x000000070f000000, 0x000000070f000000| Complete 
| 197|0x000000070f100000, 0x000000070f200000, 0x000000070f200000|100%| E|CS|TAMS 0x000000070f100000, 0x000000070f100000| Complete 
| 198|0x000000070f200000, 0x000000070f300000, 0x000000070f300000|100%| E|CS|TAMS 0x000000070f200000, 0x000000070f200000| Complete 
| 199|0x000000070f300000, 0x000000070f400000, 0x000000070f400000|100%| E|CS|TAMS 0x000000070f300000, 0x000000070f300000| Complete 
| 200|0x000000070f400000, 0x000000070f500000, 0x000000070f500000|100%| E|CS|TAMS 0x000000070f400000, 0x000000070f400000| Complete 
| 201|0x000000070f500000, 0x000000070f600000, 0x000000070f600000|100%| E|CS|TAMS 0x000000070f500000, 0x000000070f500000| Complete 
| 202|0x000000070f600000, 0x000000070f700000, 0x000000070f700000|100%| E|CS|TAMS 0x000000070f600000, 0x000000070f600000| Complete 
| 203|0x000000070f700000, 0x000000070f800000, 0x000000070f800000|100%| E|CS|TAMS 0x000000070f700000, 0x000000070f700000| Complete 
| 204|0x000000070f800000, 0x000000070f900000, 0x000000070f900000|100%| E|CS|TAMS 0x000000070f800000, 0x000000070f800000| Complete 
| 205|0x000000070f900000, 0x000000070fa00000, 0x000000070fa00000|100%| E|CS|TAMS 0x000000070f900000, 0x000000070f900000| Complete 
| 206|0x000000070fa00000, 0x000000070fb00000, 0x000000070fb00000|100%| E|CS|TAMS 0x000000070fa00000, 0x000000070fa00000| Complete 
| 207|0x000000070fb00000, 0x000000070fc00000, 0x000000070fc00000|100%| E|CS|TAMS 0x000000070fb00000, 0x000000070fb00000| Complete 
| 208|0x000000070fc00000, 0x000000070fd00000, 0x000000070fd00000|100%| E|CS|TAMS 0x000000070fc00000, 0x000000070fc00000| Complete 
| 209|0x000000070fd00000, 0x000000070fe00000, 0x000000070fe00000|100%| E|CS|TAMS 0x000000070fd00000, 0x000000070fd00000| Complete 
| 210|0x000000070fe00000, 0x000000070ff00000, 0x000000070ff00000|100%| E|  |TAMS 0x000000070fe00000, 0x000000070fe00000| Complete 
| 211|0x000000070ff00000, 0x0000000710000000, 0x0000000710000000|100%| E|CS|TAMS 0x000000070ff00000, 0x000000070ff00000| Complete 
| 212|0x0000000710000000, 0x0000000710100000, 0x0000000710100000|100%| E|CS|TAMS 0x0000000710000000, 0x0000000710000000| Complete 
| 213|0x0000000710100000, 0x0000000710200000, 0x0000000710200000|100%| E|CS|TAMS 0x0000000710100000, 0x0000000710100000| Complete 
| 214|0x0000000710200000, 0x0000000710300000, 0x0000000710300000|100%| E|CS|TAMS 0x0000000710200000, 0x0000000710200000| Complete 
| 215|0x0000000710300000, 0x0000000710400000, 0x0000000710400000|100%| E|CS|TAMS 0x0000000710300000, 0x0000000710300000| Complete 
| 216|0x0000000710400000, 0x0000000710500000, 0x0000000710500000|100%| E|CS|TAMS 0x0000000710400000, 0x0000000710400000| Complete 
| 217|0x0000000710500000, 0x0000000710600000, 0x0000000710600000|100%| E|CS|TAMS 0x0000000710500000, 0x0000000710500000| Complete 
| 218|0x0000000710600000, 0x0000000710700000, 0x0000000710700000|100%| E|CS|TAMS 0x0000000710600000, 0x0000000710600000| Complete 
| 219|0x0000000710700000, 0x0000000710748778, 0x0000000710800000| 28%| S|CS|TAMS 0x0000000710700000, 0x0000000710700000| Complete 
| 220|0x0000000710800000, 0x0000000710900000, 0x0000000710900000|100%| S|CS|TAMS 0x0000000710800000, 0x0000000710800000| Complete 
| 221|0x0000000710900000, 0x0000000710a00000, 0x0000000710a00000|100%| E|CS|TAMS 0x0000000710900000, 0x0000000710900000| Complete 
| 222|0x0000000710a00000, 0x0000000710b00000, 0x0000000710b00000|100%| E|CS|TAMS 0x0000000710a00000, 0x0000000710a00000| Complete 
| 223|0x0000000710b00000, 0x0000000710c00000, 0x0000000710c00000|100%| E|CS|TAMS 0x0000000710b00000, 0x0000000710b00000| Complete 
| 224|0x0000000710c00000, 0x0000000710d00000, 0x0000000710d00000|100%| E|CS|TAMS 0x0000000710c00000, 0x0000000710c00000| Complete 
| 225|0x0000000710d00000, 0x0000000710e00000, 0x0000000710e00000|100%| E|CS|TAMS 0x0000000710d00000, 0x0000000710d00000| Complete 
| 226|0x0000000710e00000, 0x0000000710f00000, 0x0000000710f00000|100%| E|CS|TAMS 0x0000000710e00000, 0x0000000710e00000| Complete 
| 227|0x0000000710f00000, 0x0000000711000000, 0x0000000711000000|100%| E|CS|TAMS 0x0000000710f00000, 0x0000000710f00000| Complete 
| 228|0x0000000711000000, 0x0000000711100000, 0x0000000711100000|100%| E|CS|TAMS 0x0000000711000000, 0x0000000711000000| Complete 
| 229|0x0000000711100000, 0x0000000711200000, 0x0000000711200000|100%| E|CS|TAMS 0x0000000711100000, 0x0000000711100000| Complete 
| 230|0x0000000711200000, 0x0000000711300000, 0x0000000711300000|100%| E|CS|TAMS 0x0000000711200000, 0x0000000711200000| Complete 
| 231|0x0000000711300000, 0x0000000711400000, 0x0000000711400000|100%| E|CS|TAMS 0x0000000711300000, 0x0000000711300000| Complete 
| 232|0x0000000711400000, 0x0000000711500000, 0x0000000711500000|100%| E|CS|TAMS 0x0000000711400000, 0x0000000711400000| Complete 
| 233|0x0000000711500000, 0x0000000711600000, 0x0000000711600000|100%| E|CS|TAMS 0x0000000711500000, 0x0000000711500000| Complete 
| 234|0x0000000711600000, 0x0000000711700000, 0x0000000711700000|100%| E|CS|TAMS 0x0000000711600000, 0x0000000711600000| Complete 
| 235|0x0000000711700000, 0x0000000711800000, 0x0000000711800000|100%| E|CS|TAMS 0x0000000711700000, 0x0000000711700000| Complete 
| 236|0x0000000711800000, 0x0000000711900000, 0x0000000711900000|100%| E|CS|TAMS 0x0000000711800000, 0x0000000711800000| Complete 
| 237|0x0000000711900000, 0x0000000711a00000, 0x0000000711a00000|100%| E|CS|TAMS 0x0000000711900000, 0x0000000711900000| Complete 
| 238|0x0000000711a00000, 0x0000000711b00000, 0x0000000711b00000|100%| E|CS|TAMS 0x0000000711a00000, 0x0000000711a00000| Complete 
| 239|0x0000000711b00000, 0x0000000711c00000, 0x0000000711c00000|100%| E|CS|TAMS 0x0000000711b00000, 0x0000000711b00000| Complete 
| 240|0x0000000711c00000, 0x0000000711d00000, 0x0000000711d00000|100%| E|CS|TAMS 0x0000000711c00000, 0x0000000711c00000| Complete 
| 241|0x0000000711d00000, 0x0000000711e00000, 0x0000000711e00000|100%| E|CS|TAMS 0x0000000711d00000, 0x0000000711d00000| Complete 
| 242|0x0000000711e00000, 0x0000000711f00000, 0x0000000711f00000|100%| E|CS|TAMS 0x0000000711e00000, 0x0000000711e00000| Complete 
| 243|0x0000000711f00000, 0x0000000712000000, 0x0000000712000000|100%| E|CS|TAMS 0x0000000711f00000, 0x0000000711f00000| Complete 
| 244|0x0000000712000000, 0x0000000712100000, 0x0000000712100000|100%| E|CS|TAMS 0x0000000712000000, 0x0000000712000000| Complete 
| 245|0x0000000712100000, 0x0000000712200000, 0x0000000712200000|100%| E|CS|TAMS 0x0000000712100000, 0x0000000712100000| Complete 
| 246|0x0000000712200000, 0x0000000712300000, 0x0000000712300000|100%| E|CS|TAMS 0x0000000712200000, 0x0000000712200000| Complete 
| 247|0x0000000712300000, 0x0000000712400000, 0x0000000712400000|100%| E|CS|TAMS 0x0000000712300000, 0x0000000712300000| Complete 
| 248|0x0000000712400000, 0x0000000712500000, 0x0000000712500000|100%| E|CS|TAMS 0x0000000712400000, 0x0000000712400000| Complete 
| 249|0x0000000712500000, 0x0000000712600000, 0x0000000712600000|100%| E|CS|TAMS 0x0000000712500000, 0x0000000712500000| Complete 
| 250|0x0000000712600000, 0x0000000712700000, 0x0000000712700000|100%| E|CS|TAMS 0x0000000712600000, 0x0000000712600000| Complete 
| 251|0x0000000712700000, 0x0000000712800000, 0x0000000712800000|100%| E|CS|TAMS 0x0000000712700000, 0x0000000712700000| Complete 
| 252|0x0000000712800000, 0x0000000712900000, 0x0000000712900000|100%| E|CS|TAMS 0x0000000712800000, 0x0000000712800000| Complete 
| 253|0x0000000712900000, 0x0000000712a00000, 0x0000000712a00000|100%| E|CS|TAMS 0x0000000712900000, 0x0000000712900000| Complete 

Card table byte_map: [0x0000019ba12c0000,0x0000019ba1ab0000] _byte_map_base: 0x0000019b9daaa000

Marking Bits (Prev, Next): (CMBitMap*) 0x0000019b88dabab8, (CMBitMap*) 0x0000019b88dabaf8
 Prev Bits: [0x0000019ba22a0000, 0x0000019ba61f0000)
 Next Bits: [0x0000019ba61f0000, 0x0000019baa140000)

Polling page: 0x0000019b86b60000

Metaspace:

Usage:
  Non-class:     12.03 MB capacity,    11.89 MB ( 99%) used,   119.72 KB ( <1%) free+waste,    25.56 KB ( <1%) overhead. 
      Class:      1.51 MB capacity,     1.39 MB ( 92%) used,   114.75 KB (  7%) free+waste,    14.44 KB ( <1%) overhead. 
       Both:     13.54 MB capacity,    13.27 MB ( 98%) used,   234.47 KB (  2%) free+waste,    40.00 KB ( <1%) overhead. 

Virtual space:
  Non-class space:       14.00 MB reserved,      12.25 MB ( 88%) committed 
      Class space:        1.00 GB reserved,       1.63 MB ( <1%) committed 
             Both:        1.01 GB reserved,      13.88 MB (  1%) committed 

Chunk freelists:
   Non-Class:  33.00 KB
       Class:  19.00 KB
        Both:  52.00 KB

MaxMetaspaceSize: 17179869184.00 GB
CompressedClassSpaceSize: 1.00 GB

CodeHeap 'non-profiled nmethods': size=120000Kb used=657Kb max_used=657Kb free=119342Kb
 bounds [0x0000019b99270000, 0x0000019b994e0000, 0x0000019ba07a0000]
CodeHeap 'profiled nmethods': size=120000Kb used=2864Kb max_used=2864Kb free=117135Kb
 bounds [0x0000019b91d40000, 0x0000019b92010000, 0x0000019b99270000]
CodeHeap 'non-nmethods': size=5760Kb used=1489Kb max_used=1532Kb free=4270Kb
 bounds [0x0000019b917a0000, 0x0000019b91a10000, 0x0000019b91d40000]
 total_blobs=2633 nmethods=1346 adapters=630
 compilation: enabled
              stopped_count=0, restarted_count=0
 full_count=0

Compilation events (20 events):
Event: 2.679 Thread 0x0000019bacaba000 1337  s    3       javax.media.j3d.UnorderList::toArray (99 bytes)
Event: 2.679 Thread 0x0000019bacaba000 nmethod 1337 0x0000019b92004190 code [0x0000019b92004380, 0x0000019b92004b98]
Event: 2.685 Thread 0x0000019bacaba000 1338       3       javax.media.j3d.TransformGroup::getTransform (41 bytes)
Event: 2.686 Thread 0x0000019bacaba000 nmethod 1338 0x0000019b92004d10 code [0x0000019b92004f40, 0x0000019b92005808]
Event: 2.686 Thread 0x0000019bacaba000 1339       3       javax.media.j3d.TransformGroupRetained::getTransform (30 bytes)
Event: 2.687 Thread 0x0000019bacaba000 nmethod 1339 0x0000019b92005b10 code [0x0000019b92005d40, 0x0000019b920064d8]
Event: 2.689 Thread 0x0000019bacaba000 1340       3       java.util.TaskQueue::rescheduleMin (16 bytes)
Event: 2.689 Thread 0x0000019bacaba000 nmethod 1340 0x0000019b92006790 code [0x0000019b92006940, 0x0000019b92006ae8]
Event: 2.689 Thread 0x0000019bacaba000 1341       3       java.util.TaskQueue::fixDown (108 bytes)
Event: 2.690 Thread 0x0000019bacaba000 nmethod 1341 0x0000019b92006c10 code [0x0000019b92006e00, 0x0000019b92007518]
Event: 2.690 Thread 0x0000019bacaba000 1342       3       Robot_3D$1::run (82 bytes)
Event: 2.690 Thread 0x0000019bacaba000 nmethod 1342 0x0000019b92007790 code [0x0000019b920079c0, 0x0000019b92008078]
Event: 2.793 Thread 0x0000019bacaba000 1343       3       javax.media.j3d.MasterControl::isCoreLoggable (22 bytes)
Event: 2.793 Thread 0x0000019bacaba000 nmethod 1343 0x0000019b92008390 code [0x0000019b92008540, 0x0000019b92008878]
Event: 2.810 Thread 0x0000019bacaba000 1344       3       javax.media.j3d.J3dMessage::<init> (41 bytes)
Event: 2.811 Thread 0x0000019bacaba000 nmethod 1344 0x0000019b92008990 code [0x0000019b92008b40, 0x0000019b92008e38]
Event: 2.906 Thread 0x0000019bacaba000 1345   !   3       javax.media.j3d.MasterControl::sendMessage (465 bytes)
Event: 2.909 Thread 0x0000019bacaba000 nmethod 1345 0x0000019b92008f10 code [0x0000019b920092c0, 0x0000019b9200aed8]
Event: 2.946 Thread 0x0000019bacab4800 1346       4       javax.media.j3d.Transform3D::set (243 bytes)
Event: 2.948 Thread 0x0000019bacab4800 nmethod 1346 0x0000019b99313b10 code [0x0000019b99313d00, 0x0000019b99314078]

GC Heap History (4 events):
Event: 1.400 GC heap before
{Heap before GC invocations=0 (full 0):
 garbage-first heap   total 260096K, used 28672K [0x0000000702c00000, 0x0000000800000000)
  region size 1024K, 23 young (23552K), 0 survivors (0K)
 Metaspace       used 11477K, capacity 11724K, committed 11904K, reserved 1060864K
  class space    used 1191K, capacity 1325K, committed 1408K, reserved 1048576K
}
Event: 1.405 GC heap after
{Heap after GC invocations=1 (full 0):
 garbage-first heap   total 260096K, used 9952K [0x0000000702c00000, 0x0000000800000000)
  region size 1024K, 3 young (3072K), 3 survivors (3072K)
 Metaspace       used 11477K, capacity 11724K, committed 11904K, reserved 1060864K
  class space    used 1191K, capacity 1325K, committed 1408K, reserved 1048576K
}
Event: 1.885 GC heap before
{Heap before GC invocations=1 (full 0):
 garbage-first heap   total 260096K, used 56032K [0x0000000702c00000, 0x0000000800000000)
  region size 1024K, 33 young (33792K), 3 survivors (3072K)
 Metaspace       used 12131K, capacity 12364K, committed 12416K, reserved 1060864K
  class space    used 1279K, capacity 1389K, committed 1408K, reserved 1048576K
}
Event: 1.889 GC heap after
{Heap after GC invocations=2 (full 0):
 garbage-first heap   total 260096K, used 21201K [0x0000000702c00000, 0x0000000800000000)
  region size 1024K, 2 young (2048K), 2 survivors (2048K)
 Metaspace       used 12131K, capacity 12364K, committed 12416K, reserved 1060864K
  class space    used 1279K, capacity 1389K, committed 1408K, reserved 1048576K
}

Deoptimization events (20 events):
Event: 2.183 Thread 0x0000019b88d42800 DEOPT PACKING pc=0x0000019b91fc8d8d sp=0x0000007e7ccfeeb0
Event: 2.183 Thread 0x0000019b88d42800 DEOPT UNPACKING pc=0x0000019b917e964e sp=0x0000007e7ccfe378 mode 0
Event: 2.183 Thread 0x0000019b88d42800 DEOPT PACKING pc=0x0000019b91fc8593 sp=0x0000007e7ccfee80
Event: 2.183 Thread 0x0000019b88d42800 DEOPT UNPACKING pc=0x0000019b917e964e sp=0x0000007e7ccfe378 mode 0
Event: 2.184 Thread 0x0000019b88d42800 DEOPT PACKING pc=0x0000019b91fa1e9c sp=0x0000007e7ccfee60
Event: 2.184 Thread 0x0000019b88d42800 DEOPT UNPACKING pc=0x0000019b917e964e sp=0x0000007e7ccfe3c0 mode 0
Event: 2.193 Thread 0x0000019b88d42800 DEOPT PACKING pc=0x0000019b91f93319 sp=0x0000007e7ccff060
Event: 2.193 Thread 0x0000019b88d42800 DEOPT UNPACKING pc=0x0000019b917e964e sp=0x0000007e7ccfe5b0 mode 0
Event: 2.198 Thread 0x0000019b88d42800 DEOPT PACKING pc=0x0000019b91fc8d8d sp=0x0000007e7ccfeeb0
Event: 2.198 Thread 0x0000019b88d42800 DEOPT UNPACKING pc=0x0000019b917e964e sp=0x0000007e7ccfe378 mode 0
Event: 2.242 Thread 0x0000019b88d42800 DEOPT PACKING pc=0x0000019b91e3103b sp=0x0000007e7ccfe0d0
Event: 2.242 Thread 0x0000019b88d42800 DEOPT UNPACKING pc=0x0000019b917e964e sp=0x0000007e7ccfd548 mode 0
Event: 2.353 Thread 0x0000019bb2ca1800 Uncommon trap: trap_request=0xffffffde fr.pc=0x0000019b992a71cc relative=0x0000000000000d4c
Event: 2.353 Thread 0x0000019bb2ca1800 Uncommon trap: reason=class_check action=maybe_recompile pc=0x0000019b992a71cc method=java.util.HashMap.putVal(ILjava/lang/Object;Ljava/lang/Object;ZZ)Ljava/lang/Object; @ 91 c2
Event: 2.353 Thread 0x0000019bb2ca1800 DEOPT PACKING pc=0x0000019b992a71cc sp=0x0000007e7fcfed60
Event: 2.353 Thread 0x0000019bb2ca1800 DEOPT UNPACKING pc=0x0000019b917e912f sp=0x0000007e7fcfed20 mode 2
Event: 2.366 Thread 0x0000019bb2ca1800 Uncommon trap: trap_request=0xffffffde fr.pc=0x0000019b992a71cc relative=0x0000000000000d4c
Event: 2.366 Thread 0x0000019bb2ca1800 Uncommon trap: reason=class_check action=maybe_recompile pc=0x0000019b992a71cc method=java.util.HashMap.putVal(ILjava/lang/Object;Ljava/lang/Object;ZZ)Ljava/lang/Object; @ 91 c2
Event: 2.366 Thread 0x0000019bb2ca1800 DEOPT PACKING pc=0x0000019b992a71cc sp=0x0000007e7fcfed60
Event: 2.366 Thread 0x0000019bb2ca1800 DEOPT UNPACKING pc=0x0000019b917e912f sp=0x0000007e7fcfed20 mode 2

Classes unloaded (0 events):
No events

Classes redefined (0 events):
No events

Internal exceptions (16 events):
Event: 0.415 Thread 0x0000019b88d42800 Exception <a 'java/lang/ClassNotFoundException'{0x00000007124a5158}: sun/awt/resources/spi/awtProvider> (0x00000007124a5158) 
thrown [./src/hotspot/share/classfile/systemDictionary.cpp, line 226]
Event: 0.443 Thread 0x0000019b88d42800 Exception <a 'java/io/FileNotFoundException'{0x00000007124ec7d8}> (0x00000007124ec7d8) 
thrown [./src/hotspot/share/prims/jni.cpp, line 599]
Event: 0.449 Thread 0x0000019b88d42800 Exception <a 'java/io/FileNotFoundException'{0x00000007123131f0}> (0x00000007123131f0) 
thrown [./src/hotspot/share/prims/jni.cpp, line 599]
Event: 0.525 Thread 0x0000019bae031800 Exception <a 'java/lang/NoSuchMethodError'{0x000000071237b320}: 'void java.lang.invoke.DirectMethodHandle$Holder.invokeSpecial(java.lang.Object, java.lang.Object)'> (0x000000071237b320) 
thrown [./src/hotspot/share/interpreter/linkResolver.cpp, line 766]
Event: 0.664 Thread 0x0000019b88d42800 Exception <a 'java/lang/NoSuchMethodError'{0x0000000712243fa0}: 'java.lang.Object java.lang.invoke.DirectMethodHandle$Holder.invokeStatic(java.lang.Object, int, java.lang.Object, java.lang.Object, java.lang.Object, java.lang.Object)'> (0x0000000712243fa0) 
thrown [./src/hotspot/share/interpreter/linkResolver.cpp, line 766]
Event: 0.665 Thread 0x0000019b88d42800 Exception <a 'java/lang/NoSuchMethodError'{0x000000071224a8c0}: 'java.lang.Object java.lang.invoke.DirectMethodHandle$Holder.invokeStatic(java.lang.Object, int, java.lang.Object, java.lang.Object, java.lang.Object)'> (0x000000071224a8c0) 
thrown [./src/hotspot/share/interpreter/linkResolver.cpp, line 766]
Event: 0.665 Thread 0x0000019b88d42800 Exception <a 'java/lang/NoSuchMethodError'{0x000000071224e110}: 'java.lang.Object java.lang.invoke.DirectMethodHandle$Holder.invokeSpecial(java.lang.Object, java.lang.Object, int, java.lang.Object, java.lang.Object, java.lang.Object)'> (0x000000071224e110) 
thrown [./src/hotspot/share/interpreter/linkResolver.cpp, line 766]
Event: 0.668 Thread 0x0000019b88d42800 Exception <a 'java/lang/NoSuchMethodError'{0x00000007122644b8}: 'java.lang.Object java.lang.invoke.DirectMethodHandle$Holder.invokeStatic(java.lang.Object, int, java.lang.Object)'> (0x00000007122644b8) 
thrown [./src/hotspot/share/interpreter/linkResolver.cpp, line 766]
Event: 0.702 Thread 0x0000019b88d42800 Exception <a 'java/lang/ClassNotFoundException'{0x0000000712108278}: com/sun/swing/internal/plaf/metal/resources/spi/metalProvider> (0x0000000712108278) 
thrown [./src/hotspot/share/classfile/systemDictionary.cpp, line 226]
Event: 0.703 Thread 0x0000019b88d42800 Exception <a 'java/lang/ClassNotFoundException'{0x000000071210c300}: com/sun/swing/internal/plaf/basic/resources/spi/basicProvider> (0x000000071210c300) 
thrown [./src/hotspot/share/classfile/systemDictionary.cpp, line 226]
Event: 0.955 Thread 0x0000019b88d42800 Implicit null exception at 0x0000019b992a34ce to 0x0000019b992a41bc
Event: 0.986 Thread 0x0000019b88d42800 Exception <a 'java/lang/NoSuchMethodError'{0x0000000711d9a5c8}: 'void java.lang.invoke.DirectMethodHandle$Holder.invokeStaticInit(java.lang.Object)'> (0x0000000711d9a5c8) 
thrown [./src/hotspot/share/interpreter/linkResolver.cpp, line 766]
Event: 1.024 Thread 0x0000019b88d42800 Exception <a 'java/lang/NoSuchMethodError'{0x0000000711c084f8}: 'java.lang.Object java.lang.invoke.Invokers$Holder.linkToTargetMethod(java.lang.Object, int, java.lang.Object)'> (0x0000000711c084f8) 
thrown [./src/hotspot/share/interpreter/linkResolver.cpp, line 766]
Event: 1.210 Thread 0x0000019b88d42800 Exception <a 'java/lang/NoSuchMethodError'{0x0000000711a7fb08}: 'java.lang.Object java.lang.invoke.DirectMethodHandle$Holder.invokeStaticInit(java.lang.Object, int, int, int, int)'> (0x0000000711a7fb08) 
thrown [./src/hotspot/share/interpreter/linkResolver.cpp, line 766]
Event: 1.278 Thread 0x0000019b88d42800 Exception <a 'java/lang/NoSuchMethodError'{0x0000000711acbe00}: 'java.lang.Object java.lang.invoke.DirectMethodHandle$Holder.invokeStaticInit(java.lang.Object, java.lang.Object, int, int, int, int)'> (0x0000000711acbe00) 
thrown [./src/hotspot/share/interpreter/linkResolver.cpp, line 766]
Event: 1.658 Thread 0x0000019b88d42800 Implicit null exception at 0x0000019b992d2283 to 0x0000019b992d2bbc

Events (20 events):
Event: 2.483 Executing VM operation: HandshakeOneThread
Event: 2.483 Executing VM operation: HandshakeOneThread done
Event: 2.483 Executing VM operation: HandshakeOneThread
Event: 2.483 Executing VM operation: HandshakeOneThread done
Event: 2.483 Thread 0x0000019bb3118800 Thread added: 0x0000019bb3118800
Event: 2.483 Thread 0x0000019bb311a000 Thread added: 0x0000019bb311a000
Event: 2.484 Thread 0x0000019bb311b800 Thread added: 0x0000019bb311b800
Event: 2.484 Thread 0x0000019bb311e000 Thread added: 0x0000019bb311e000
Event: 2.484 Executing VM operation: BulkRevokeBias
Event: 2.484 Executing VM operation: BulkRevokeBias done
Event: 2.485 Thread 0x0000019bb311a000 Thread exited: 0x0000019bb311a000
Event: 2.485 loading class java/util/WeakHashMap$KeyIterator
Event: 2.485 loading class java/util/WeakHashMap$HashIterator
Event: 2.485 Thread 0x0000019bb3118800 Thread exited: 0x0000019bb3118800
Event: 2.485 loading class java/util/WeakHashMap$HashIterator done
Event: 2.485 loading class java/util/WeakHashMap$KeyIterator done
Event: 2.485 Thread 0x0000019bb311e000 Thread exited: 0x0000019bb311e000
Event: 2.509 Thread 0x0000019bb2d57800 Thread exited: 0x0000019bb2d57800
Event: 2.515 Executing VM operation: HandshakeOneThread
Event: 2.515 Executing VM operation: HandshakeOneThread done


Dynamic libraries:
0x00007ff644150000 - 0x00007ff64415d000 	D:\Program Files\AdoptOpenJDK\jdk-14.0.1.7-hotspot\bin\java.exe
0x00007ffa79760000 - 0x00007ffa79950000 	C:\Windows\SYSTEM32\ntdll.dll
0x00007ffa2bfb0000 - 0x00007ffa2bfc3000 	D:\Program Files\AVG\Antivirus\aswhook.dll
0x00007ffa79660000 - 0x00007ffa79712000 	C:\Windows\System32\KERNEL32.DLL
0x00007ffa77490000 - 0x00007ffa77733000 	C:\Windows\System32\KERNELBASE.dll
0x00007ffa76ea0000 - 0x00007ffa76f9a000 	C:\Windows\System32\ucrtbase.dll
0x00007ffa4d390000 - 0x00007ffa4d3a8000 	D:\Program Files\AdoptOpenJDK\jdk-14.0.1.7-hotspot\bin\jli.dll
0x00007ffa78630000 - 0x00007ffa787c4000 	C:\Windows\System32\USER32.dll
0x00007ffa76fa0000 - 0x00007ffa76fc1000 	C:\Windows\System32\win32u.dll
0x00007ffa78600000 - 0x00007ffa78626000 	C:\Windows\System32\GDI32.dll
0x00007ffa77250000 - 0x00007ffa773e4000 	C:\Windows\System32\gdi32full.dll
0x00007ffa773f0000 - 0x00007ffa7748e000 	C:\Windows\System32\msvcp_win.dll
0x00007ffa4d370000 - 0x00007ffa4d385000 	D:\Program Files\AdoptOpenJDK\jdk-14.0.1.7-hotspot\bin\VCRUNTIME140.dll
0x00007ffa67ed0000 - 0x00007ffa68155000 	C:\Windows\WinSxS\amd64_microsoft.windows.common-controls_6595b64144ccf1df_6.0.18362.418_none_e6c6b287130d565d\COMCTL32.dll
0x00007ffa79130000 - 0x00007ffa791ce000 	C:\Windows\System32\msvcrt.dll
0x00007ffa77ac0000 - 0x00007ffa77df6000 	C:\Windows\System32\combase.dll
0x00007ffa787d0000 - 0x00007ffa788f0000 	C:\Windows\System32\RPCRT4.dll
0x00007ffa76fd0000 - 0x00007ffa77050000 	C:\Windows\System32\bcryptPrimitives.dll
0x00007ffa77e00000 - 0x00007ffa77e2e000 	C:\Windows\System32\IMM32.DLL
0x00007ffa3f0e0000 - 0x00007ffa3f17b000 	D:\Program Files\AdoptOpenJDK\jdk-14.0.1.7-hotspot\bin\msvcp140.dll
0x00007ff9f34a0000 - 0x00007ff9f404c000 	D:\Program Files\AdoptOpenJDK\jdk-14.0.1.7-hotspot\bin\server\jvm.dll
0x00007ffa78fe0000 - 0x00007ffa79083000 	C:\Windows\System32\ADVAPI32.dll
0x00007ffa79090000 - 0x00007ffa79127000 	C:\Windows\System32\sechost.dll
0x00007ffa78fd0000 - 0x00007ffa78fd8000 	C:\Windows\System32\PSAPI.DLL
0x00007ffa57de0000 - 0x00007ffa57de9000 	C:\Windows\SYSTEM32\WSOCK32.dll
0x00007ffa792a0000 - 0x00007ffa7930f000 	C:\Windows\System32\WS2_32.dll
0x00007ffa732f0000 - 0x00007ffa73314000 	C:\Windows\SYSTEM32\WINMM.dll
0x00007ffa6e570000 - 0x00007ffa6e57a000 	C:\Windows\SYSTEM32\VERSION.dll
0x00007ffa732c0000 - 0x00007ffa732ed000 	C:\Windows\SYSTEM32\WINMMBASE.dll
0x00007ffa77740000 - 0x00007ffa7778a000 	C:\Windows\System32\cfgmgr32.dll
0x00007ffa76690000 - 0x00007ffa766a1000 	C:\Windows\System32\kernel.appcore.dll
0x00007ffa5f9e0000 - 0x00007ffa5f9ea000 	D:\Program Files\AdoptOpenJDK\jdk-14.0.1.7-hotspot\bin\jimage.dll
0x00007ffa69260000 - 0x00007ffa69454000 	C:\Windows\SYSTEM32\DBGHELP.DLL
0x00007ffa691c0000 - 0x00007ffa691ea000 	C:\Windows\SYSTEM32\dbgcore.DLL
0x00007ffa546f0000 - 0x00007ffa54728000 	D:\Program Files\AdoptOpenJDK\jdk-14.0.1.7-hotspot\bin\jdwp.dll
0x00007ffa4cf80000 - 0x00007ffa4cfa5000 	D:\Program Files\AdoptOpenJDK\jdk-14.0.1.7-hotspot\bin\java.dll
0x00007ffa4ba00000 - 0x00007ffa4ba16000 	D:\Program Files\AdoptOpenJDK\jdk-14.0.1.7-hotspot\bin\zip.dll
0x00007ffa77e30000 - 0x00007ffa78515000 	C:\Windows\System32\SHELL32.dll
0x00007ffa794e0000 - 0x00007ffa79589000 	C:\Windows\System32\shcore.dll
0x00007ffa76720000 - 0x00007ffa76e9f000 	C:\Windows\System32\windows.storage.dll
0x00007ffa766b0000 - 0x00007ffa766cf000 	C:\Windows\System32\profapi.dll
0x00007ffa76640000 - 0x00007ffa7668a000 	C:\Windows\System32\powrprof.dll
0x00007ffa76630000 - 0x00007ffa76640000 	C:\Windows\System32\UMPDC.dll
0x00007ffa785a0000 - 0x00007ffa785f2000 	C:\Windows\System32\shlwapi.dll
0x00007ffa777f0000 - 0x00007ffa77807000 	C:\Windows\System32\cryptsp.dll
0x00007ffa583b0000 - 0x00007ffa583bb000 	D:\Program Files\AdoptOpenJDK\jdk-14.0.1.7-hotspot\bin\dt_socket.dll
0x00007ffa75bb0000 - 0x00007ffa75bea000 	C:\Windows\SYSTEM32\IPHLPAPI.DLL
0x00007ffa75ea0000 - 0x00007ffa75f07000 	C:\Windows\system32\mswsock.dll
0x00007ffa75bf0000 - 0x00007ffa75cba000 	C:\Windows\SYSTEM32\DNSAPI.dll
0x00007ffa794d0000 - 0x00007ffa794d8000 	C:\Windows\System32\NSI.dll
0x00007ffa6f3b0000 - 0x00007ffa6f3ba000 	C:\Windows\System32\rasadhlp.dll
0x00007ffa69940000 - 0x00007ffa699b7000 	C:\Windows\System32\fwpuclnt.dll
0x00007ffa766f0000 - 0x00007ffa76716000 	C:\Windows\System32\bcrypt.dll
0x00007ffa494b0000 - 0x00007ffa494c9000 	D:\Program Files\AdoptOpenJDK\jdk-14.0.1.7-hotspot\bin\net.dll
0x00007ffa6f0e0000 - 0x00007ffa6f1d0000 	C:\Windows\SYSTEM32\WINHTTP.dll
0x00007ffa490a0000 - 0x00007ffa490b2000 	D:\Program Files\AdoptOpenJDK\jdk-14.0.1.7-hotspot\bin\nio.dll
0x00007ff9f9560000 - 0x00007ff9f96f7000 	D:\Program Files\AdoptOpenJDK\jdk-14.0.1.7-hotspot\bin\awt.dll
0x00007ffa779f0000 - 0x00007ffa77ab4000 	C:\Windows\System32\OLEAUT32.dll
0x00007ffa748b0000 - 0x00007ffa7493f000 	C:\Windows\SYSTEM32\apphelp.dll
0x00007ffa74dd0000 - 0x00007ffa74dfd000 	C:\Windows\system32\DWMAPI.DLL
0x00007ffa749b0000 - 0x00007ffa74a49000 	C:\Windows\system32\uxtheme.dll
0x00007ffa60c60000 - 0x00007ffa60db6000 	C:\Windows\system32\opengl32.dll
0x00007ffa610f0000 - 0x00007ffa6111c000 	C:\Windows\SYSTEM32\GLU32.dll
0x00007ffa752a0000 - 0x00007ffa752c0000 	C:\Windows\SYSTEM32\dxcore.dll
0x00007ffa79390000 - 0x00007ffa794c6000 	C:\Windows\System32\MSCTF.dll
0x00007ffa788f0000 - 0x00007ffa78a46000 	C:\Windows\System32\ole32.dll
0x00007ffa78b60000 - 0x00007ffa78fd0000 	C:\Windows\System32\SETUPAPI.dll
0x00007ffa6c7d0000 - 0x00007ffa6c974000 	C:\Windows\System32\DriverStore\FileRepository\iigd_dch.inf_amd64_cbd42a415845f91a\igdgmm64.dll
0x00007ffa77100000 - 0x00007ffa77249000 	C:\Windows\System32\crypt32.dll
0x00007ffa766d0000 - 0x00007ffa766e2000 	C:\Windows\System32\MSASN1.dll
0x00007ffa77790000 - 0x00007ffa777ec000 	C:\Windows\System32\WINTRUST.DLL
0x00007ffa77820000 - 0x00007ffa7783d000 	C:\Windows\System32\imagehlp.dll
0x00007ffa75a10000 - 0x00007ffa75a43000 	C:\Windows\system32\rsaenh.dll
0x00007ffa76070000 - 0x00007ffa7607c000 	C:\Windows\SYSTEM32\CRYPTBASE.dll
0x00007ffa60ff0000 - 0x00007ffa610d9000 	C:\Program Files (x86)\NVIDIA Corporation\3D Vision\nvSCPAPI64.dll
0x00007ffa59b10000 - 0x00007ffa59b20000 	D:\Program Files\AdoptOpenJDK\jdk-14.0.1.7-hotspot\bin\verify.dll
0x00007ffa543c0000 - 0x00007ffa543c7000 	D:\Program Files\AdoptOpenJDK\jdk-14.0.1.7-hotspot\bin\jawt.dll
0x0000000010000000 - 0x000000001003e000 	C:\Windows\j3dcore-ogl.dll
0x00007ff9f2580000 - 0x00007ff9f3497000 	C:\Windows\System32\DriverStore\FileRepository\iigd_dch.inf_amd64_cbd42a415845f91a\ig9icd64.dll
0x00007ffa75330000 - 0x00007ffa7541b000 	C:\Windows\system32\dxgi.dll
0x00007ffa6a080000 - 0x00007ffa6c684000 	C:\Windows\System32\DriverStore\FileRepository\iigd_dch.inf_amd64_cbd42a415845f91a\igc64.dll
0x00007ffa3e5f0000 - 0x00007ffa3e672000 	D:\Program Files\AdoptOpenJDK\jdk-14.0.1.7-hotspot\bin\freetype.dll
0x00007ffa35370000 - 0x00007ffa35416000 	D:\Program Files\AdoptOpenJDK\jdk-14.0.1.7-hotspot\bin\fontmanager.dll
0x00007ffa5f090000 - 0x00007ffa5f12e000 	C:\Windows\System32\TextInputFramework.dll
0x00007ffa71410000 - 0x00007ffa7173a000 	C:\Windows\System32\CoreUIComponents.dll
0x00007ffa74600000 - 0x00007ffa746d4000 	C:\Windows\System32\CoreMessaging.dll
0x00007ffa75690000 - 0x00007ffa756c1000 	C:\Windows\SYSTEM32\ntmarta.dll
0x00007ffa722b0000 - 0x00007ffa72403000 	C:\Windows\SYSTEM32\wintypes.dll
0x00007ffa54390000 - 0x00007ffa543bd000 	D:\Program Files\AdoptOpenJDK\jdk-14.0.1.7-hotspot\bin\javajpeg.dll
0x00007ffa68a40000 - 0x00007ffa68ce6000 	C:\Windows\System32\iertutil.dll
0x00007ffa78a50000 - 0x00007ffa78af2000 	C:\Windows\System32\clbcatq.dll
0x00007ffa76550000 - 0x00007ffa76575000 	C:\Windows\SYSTEM32\USERENV.dll
0x00007ffa69f70000 - 0x00007ffa69f86000 	C:\Windows\SYSTEM32\dhcpcsvc6.DLL
0x00007ffa6cb40000 - 0x00007ffa6cb5c000 	C:\Windows\SYSTEM32\dhcpcsvc.DLL
0x00007ff9f2070000 - 0x00007ff9f23cb000 	C:\Windows\System32\DriverStore\FileRepository\iigd_dch.inf_amd64_cbd42a415845f91a\igdml64.dll

dbghelp: loaded successfully - version: 4.0.5 - missing functions: none
symbol engine: initialized successfully - sym options: 0x614 - pdb path: .;D:\Program Files\AdoptOpenJDK\jdk-14.0.1.7-hotspot\bin;C:\Windows\SYSTEM32;D:\Program Files\AVG\Antivirus;C:\Windows\WinSxS\amd64_microsoft.windows.common-controls_6595b64144ccf1df_6.0.18362.418_none_e6c6b287130d565d;D:\Program Files\AdoptOpenJDK\jdk-14.0.1.7-hotspot\bin\server;C:\Windows\System32\DriverStore\FileRepository\iigd_dch.inf_amd64_cbd42a415845f91a;C:\Windows\System32\DriverStore\FileRepository\nvcvwu.inf_amd64_166fee8ea72cb783;C:\Program Files (x86)\NVIDIA Corporation\3D Vision;C:\Windows

VM Arguments:
jvm_args: -agentlib:jdwp=transport=dt_socket,server=n,suspend=y,address=localhost:57052 --enable-preview -Dfile.encoding=UTF-8 
java_command: Robot_3D
java_class_path (initial): C:\Users\Sebastian\AppData\Roaming\Code\User\workspaceStorage\6f51cd9906e6bbf1eafced5ba437d175\redhat.java\jdt_ws\ProjektJAVA3D_afe912a3\bin;C:\Users\Sebastian\Desktop\Nowy folder\ProjektJAVA3D\lib\vecmath.jar;C:\Users\Sebastian\Desktop\Nowy folder\ProjektJAVA3D\lib\j3dutils.jar;C:\Users\Sebastian\Desktop\Nowy folder\ProjektJAVA3D\lib\j3dcore.jar
Launcher Type: SUN_STANDARD

[Global flags]
     intx CICompilerCount                          = 4                                         {product} {ergonomic}
     uint ConcGCThreads                            = 2                                         {product} {ergonomic}
     uint G1ConcRefinementThreads                  = 8                                         {product} {ergonomic}
   size_t G1HeapRegionSize                         = 1048576                                   {product} {ergonomic}
    uintx GCDrainStackTargetSize                   = 64                                        {product} {ergonomic}
   size_t InitialHeapSize                          = 266338304                                 {product} {ergonomic}
   size_t MarkStackSize                            = 4194304                                   {product} {ergonomic}
   size_t MaxHeapSize                              = 4248829952                                {product} {ergonomic}
   size_t MaxNewSize                               = 2549088256                                {product} {ergonomic}
   size_t MinHeapDeltaBytes                        = 1048576                                   {product} {ergonomic}
   size_t MinHeapSize                              = 8388608                                   {product} {ergonomic}
    uintx NonNMethodCodeHeapSize                   = 5839372                                {pd product} {ergonomic}
    uintx NonProfiledCodeHeapSize                  = 122909434                              {pd product} {ergonomic}
    uintx ProfiledCodeHeapSize                     = 122909434                              {pd product} {ergonomic}
    uintx ReservedCodeCacheSize                    = 251658240                              {pd product} {ergonomic}
     bool SegmentedCodeCache                       = true                                      {product} {ergonomic}
   size_t SoftMaxHeapSize                          = 4248829952                             {manageable} {ergonomic}
     bool UseCompressedClassPointers               = true                                 {lp64_product} {ergonomic}
     bool UseCompressedOops                        = true                                 {lp64_product} {ergonomic}
     bool UseG1GC                                  = true                                      {product} {ergonomic}
     bool UseLargePagesIndividualAllocation        = false                                  {pd product} {ergonomic}

Logging:
Log output configuration:
 #0: stdout all=warning uptime,level,tags
 #1: stderr all=off uptime,level,tags

Environment Variables:
JAVA_HOME=D:\Program Files\AdoptOpenJDK\jdk-14.0.1.7-hotspot\
PATH=C:\Program Files (x86)\Common Files\Oracle\Java\javapath;D:\Program Files\AdoptOpenJDK\jdk-14.0.1.7-hotspot\bin;D:\ProgramData\Anaconda3;D:\ProgramData\Anaconda3\Library\mingw-w64\bin;D:\ProgramData\Anaconda3\Library\usr\bin;D:\ProgramData\Anaconda3\Library\bin;D:\ProgramData\Anaconda3\Scripts;D:\Python\Scripts\;D:\Python\;C:\Windows\system32;C:\Windows;C:\Windows\System32\Wbem;C:\Windows\System32\WindowsPowerShell\v1.0\;C:\Windows\System32\OpenSSH\;D:\Program Files (x86)\Brackets\command;D:\Program Files\Polyspace\R2019a\runtime\win64;D:\Program Files\Polyspace\R2019a\bin;d:\Program Files\Git\cmd;D:\Program Files\AdoptOpenJDK\jdk-13\bin;D:\Program Files\Java\jdk-13.0.2\bin;C:\Users\Sebastian\AppData\Local\Microsoft\WindowsApps;;d:\Users\Sebastian\AppData\Local\Programs\Microsoft VS Code\bin;D:\Program Files\JetBrains\IntelliJ IDEA Community Edition 2020.1.1\bin;
USERNAME=Sebastian
OS=Windows_NT
PROCESSOR_IDENTIFIER=Intel64 Family 6 Model 94 Stepping 3, GenuineIntel



---------------  S Y S T E M  ---------------

OS: Windows 10 , 64 bit Build 18362 (10.0.18362.329)
OS uptime: 0 days 7:02 hours

CPU:total 8 (initial active 8) (4 cores per cpu, 2 threads per core) family 6 model 94 stepping 3, cmov, cx8, fxsr, mmx, sse, sse2, sse3, ssse3, sse4.1, sse4.2, popcnt, avx, avx2, aes, clmul, erms, rtm, 3dnowpref, lzcnt, ht, tsc, tscinvbit, bmi1, bmi2, adx, fma

Memory: 4k page, system-wide physical 16204M (5803M free)
TotalPageFile size 18636M (AvailPageFile size 6065M)
current process WorkingSet (physical memory assigned to process): 300M, peak: 303M
current process commit charge ("private bytes"): 463M, peak: 468M

vm_info: OpenJDK 64-Bit Server VM (14.0.1+7) for windows-amd64 JRE (14.0.1+7), built on Apr 22 2020 14:10:56 by "" with MS VC++ 15.9 (VS2017)

END.
